ARM GAS  /tmp/cczxL1u9.s 			page 1


   1              		.cpu cortex-m4
   2              		.eabi_attribute 27, 1
   3              		.eabi_attribute 28, 1
   4              		.eabi_attribute 20, 1
   5              		.eabi_attribute 21, 1
   6              		.eabi_attribute 23, 3
   7              		.eabi_attribute 24, 1
   8              		.eabi_attribute 25, 1
   9              		.eabi_attribute 26, 1
  10              		.eabi_attribute 30, 1
  11              		.eabi_attribute 34, 1
  12              		.eabi_attribute 18, 4
  13              		.file	"drv_pwm.c"
  14              		.text
  15              	.Ltext0:
  16              		.cfi_sections	.debug_frame
  17              		.section	.text.pwm_get_channel,"ax",%progbits
  18              		.align	1
  19              		.syntax unified
  20              		.thumb
  21              		.thumb_func
  22              		.fpu fpv4-sp-d16
  24              	pwm_get_channel:
  25              	.LFB143:
  26              		.file 1 "hardware/HAL_Drivers/drv_pwm.c"
   1:hardware/HAL_Drivers/drv_pwm.c **** /*
   2:hardware/HAL_Drivers/drv_pwm.c ****  * Copyright (c) 2006-2018, RT-Thread Development Team
   3:hardware/HAL_Drivers/drv_pwm.c ****  *
   4:hardware/HAL_Drivers/drv_pwm.c ****  * SPDX-License-Identifier: Apache-2.0
   5:hardware/HAL_Drivers/drv_pwm.c ****  *
   6:hardware/HAL_Drivers/drv_pwm.c ****  * Change Logs:
   7:hardware/HAL_Drivers/drv_pwm.c ****  * Date           Author       Notes
   8:hardware/HAL_Drivers/drv_pwm.c ****  * 2018-12-13     zylx         first version
   9:hardware/HAL_Drivers/drv_pwm.c ****  */
  10:hardware/HAL_Drivers/drv_pwm.c **** 
  11:hardware/HAL_Drivers/drv_pwm.c **** #include "led.h"
  12:hardware/HAL_Drivers/drv_pwm.c **** #include "rtdef.h"
  13:hardware/HAL_Drivers/drv_pwm.c **** #include "rtthread.h"
  14:hardware/HAL_Drivers/drv_pwm.c **** #include "stm32f4xx_hal_def.h"
  15:hardware/HAL_Drivers/drv_pwm.c **** #include "stm32f4xx_hal_tim.h"
  16:hardware/HAL_Drivers/drv_pwm.c **** #include <board.h>
  17:hardware/HAL_Drivers/drv_pwm.c **** #ifdef RT_USING_PWM
  18:hardware/HAL_Drivers/drv_pwm.c **** #include "drv_config.h"
  19:hardware/HAL_Drivers/drv_pwm.c **** 
  20:hardware/HAL_Drivers/drv_pwm.c **** //#define DRV_DEBUG
  21:hardware/HAL_Drivers/drv_pwm.c **** #define LOG_TAG             "drv.pwm"
  22:hardware/HAL_Drivers/drv_pwm.c **** #include <drv_log.h>
  23:hardware/HAL_Drivers/drv_pwm.c **** 
  24:hardware/HAL_Drivers/drv_pwm.c **** #define MAX_PERIOD 65535
  25:hardware/HAL_Drivers/drv_pwm.c **** #define MIN_PERIOD 3
  26:hardware/HAL_Drivers/drv_pwm.c **** #define MIN_PULSE 2
  27:hardware/HAL_Drivers/drv_pwm.c **** 
  28:hardware/HAL_Drivers/drv_pwm.c **** extern void HAL_TIM_MspPostInit(TIM_HandleTypeDef *htim);
  29:hardware/HAL_Drivers/drv_pwm.c **** 
  30:hardware/HAL_Drivers/drv_pwm.c **** enum
  31:hardware/HAL_Drivers/drv_pwm.c **** {
  32:hardware/HAL_Drivers/drv_pwm.c **** #ifdef BSP_USING_PWM1
ARM GAS  /tmp/cczxL1u9.s 			page 2


  33:hardware/HAL_Drivers/drv_pwm.c ****     PWM1_INDEX,
  34:hardware/HAL_Drivers/drv_pwm.c **** #endif
  35:hardware/HAL_Drivers/drv_pwm.c **** #ifdef BSP_USING_PWM2
  36:hardware/HAL_Drivers/drv_pwm.c ****     PWM2_INDEX,
  37:hardware/HAL_Drivers/drv_pwm.c **** #endif
  38:hardware/HAL_Drivers/drv_pwm.c **** #ifdef BSP_USING_PWM3
  39:hardware/HAL_Drivers/drv_pwm.c ****     PWM3_INDEX,
  40:hardware/HAL_Drivers/drv_pwm.c **** #endif
  41:hardware/HAL_Drivers/drv_pwm.c **** #ifdef BSP_USING_PWM4
  42:hardware/HAL_Drivers/drv_pwm.c ****     PWM4_INDEX,
  43:hardware/HAL_Drivers/drv_pwm.c **** #endif
  44:hardware/HAL_Drivers/drv_pwm.c **** #ifdef BSP_USING_PWM5
  45:hardware/HAL_Drivers/drv_pwm.c ****     PWM5_INDEX,
  46:hardware/HAL_Drivers/drv_pwm.c **** #endif
  47:hardware/HAL_Drivers/drv_pwm.c **** #ifdef BSP_USING_PWM6
  48:hardware/HAL_Drivers/drv_pwm.c ****     PWM6_INDEX,
  49:hardware/HAL_Drivers/drv_pwm.c **** #endif
  50:hardware/HAL_Drivers/drv_pwm.c **** #ifdef BSP_USING_PWM7
  51:hardware/HAL_Drivers/drv_pwm.c ****     PWM7_INDEX,
  52:hardware/HAL_Drivers/drv_pwm.c **** #endif
  53:hardware/HAL_Drivers/drv_pwm.c **** #ifdef BSP_USING_PWM8
  54:hardware/HAL_Drivers/drv_pwm.c ****     PWM8_INDEX,
  55:hardware/HAL_Drivers/drv_pwm.c **** #endif
  56:hardware/HAL_Drivers/drv_pwm.c **** #ifdef BSP_USING_PWM9
  57:hardware/HAL_Drivers/drv_pwm.c ****     PWM9_INDEX,
  58:hardware/HAL_Drivers/drv_pwm.c **** #endif
  59:hardware/HAL_Drivers/drv_pwm.c **** #ifdef BSP_USING_PWM10
  60:hardware/HAL_Drivers/drv_pwm.c ****     PWM10_INDEX,
  61:hardware/HAL_Drivers/drv_pwm.c **** #endif
  62:hardware/HAL_Drivers/drv_pwm.c **** #ifdef BSP_USING_PWM11
  63:hardware/HAL_Drivers/drv_pwm.c ****     PWM11_INDEX,
  64:hardware/HAL_Drivers/drv_pwm.c **** #endif
  65:hardware/HAL_Drivers/drv_pwm.c **** #ifdef BSP_USING_PWM12
  66:hardware/HAL_Drivers/drv_pwm.c ****     PWM12_INDEX,
  67:hardware/HAL_Drivers/drv_pwm.c **** #endif
  68:hardware/HAL_Drivers/drv_pwm.c **** #ifdef BSP_USING_PWM13
  69:hardware/HAL_Drivers/drv_pwm.c ****     PWM13_INDEX,
  70:hardware/HAL_Drivers/drv_pwm.c **** #endif
  71:hardware/HAL_Drivers/drv_pwm.c **** #ifdef BSP_USING_PWM14
  72:hardware/HAL_Drivers/drv_pwm.c ****     PWM14_INDEX,
  73:hardware/HAL_Drivers/drv_pwm.c **** #endif
  74:hardware/HAL_Drivers/drv_pwm.c **** #ifdef BSP_USING_PWM15
  75:hardware/HAL_Drivers/drv_pwm.c ****     PWM15_INDEX,
  76:hardware/HAL_Drivers/drv_pwm.c **** #endif
  77:hardware/HAL_Drivers/drv_pwm.c **** #ifdef BSP_USING_PWM16
  78:hardware/HAL_Drivers/drv_pwm.c ****     PWM16_INDEX,
  79:hardware/HAL_Drivers/drv_pwm.c **** #endif
  80:hardware/HAL_Drivers/drv_pwm.c **** #ifdef BSP_USING_PWM17
  81:hardware/HAL_Drivers/drv_pwm.c ****     PWM17_INDEX,
  82:hardware/HAL_Drivers/drv_pwm.c **** #endif
  83:hardware/HAL_Drivers/drv_pwm.c **** };
  84:hardware/HAL_Drivers/drv_pwm.c **** 
  85:hardware/HAL_Drivers/drv_pwm.c **** struct stm32_pwm
  86:hardware/HAL_Drivers/drv_pwm.c **** {
  87:hardware/HAL_Drivers/drv_pwm.c ****     struct rt_device_pwm pwm_device;
  88:hardware/HAL_Drivers/drv_pwm.c ****     TIM_HandleTypeDef    tim_handle;
  89:hardware/HAL_Drivers/drv_pwm.c ****     rt_uint8_t channel;
ARM GAS  /tmp/cczxL1u9.s 			page 3


  90:hardware/HAL_Drivers/drv_pwm.c ****     char *name;
  91:hardware/HAL_Drivers/drv_pwm.c **** };
  92:hardware/HAL_Drivers/drv_pwm.c **** 
  93:hardware/HAL_Drivers/drv_pwm.c **** static struct stm32_pwm stm32_pwm_obj[] =
  94:hardware/HAL_Drivers/drv_pwm.c **** {
  95:hardware/HAL_Drivers/drv_pwm.c **** #ifdef BSP_USING_PWM1
  96:hardware/HAL_Drivers/drv_pwm.c ****     PWM1_CONFIG,
  97:hardware/HAL_Drivers/drv_pwm.c **** #endif
  98:hardware/HAL_Drivers/drv_pwm.c **** 
  99:hardware/HAL_Drivers/drv_pwm.c **** #ifdef BSP_USING_PWM2
 100:hardware/HAL_Drivers/drv_pwm.c ****     PWM2_CONFIG,
 101:hardware/HAL_Drivers/drv_pwm.c **** #endif
 102:hardware/HAL_Drivers/drv_pwm.c **** 
 103:hardware/HAL_Drivers/drv_pwm.c **** #ifdef BSP_USING_PWM3
 104:hardware/HAL_Drivers/drv_pwm.c ****     PWM3_CONFIG,
 105:hardware/HAL_Drivers/drv_pwm.c **** #endif
 106:hardware/HAL_Drivers/drv_pwm.c **** 
 107:hardware/HAL_Drivers/drv_pwm.c **** #ifdef BSP_USING_PWM4
 108:hardware/HAL_Drivers/drv_pwm.c ****     PWM4_CONFIG,
 109:hardware/HAL_Drivers/drv_pwm.c **** #endif
 110:hardware/HAL_Drivers/drv_pwm.c **** 
 111:hardware/HAL_Drivers/drv_pwm.c **** #ifdef BSP_USING_PWM5
 112:hardware/HAL_Drivers/drv_pwm.c ****     PWM5_CONFIG,
 113:hardware/HAL_Drivers/drv_pwm.c **** #endif
 114:hardware/HAL_Drivers/drv_pwm.c **** 
 115:hardware/HAL_Drivers/drv_pwm.c **** #ifdef BSP_USING_PWM6
 116:hardware/HAL_Drivers/drv_pwm.c ****     PWM6_CONFIG,
 117:hardware/HAL_Drivers/drv_pwm.c **** #endif
 118:hardware/HAL_Drivers/drv_pwm.c **** 
 119:hardware/HAL_Drivers/drv_pwm.c **** #ifdef BSP_USING_PWM7
 120:hardware/HAL_Drivers/drv_pwm.c ****     PWM7_CONFIG,
 121:hardware/HAL_Drivers/drv_pwm.c **** #endif
 122:hardware/HAL_Drivers/drv_pwm.c **** 
 123:hardware/HAL_Drivers/drv_pwm.c **** #ifdef BSP_USING_PWM8
 124:hardware/HAL_Drivers/drv_pwm.c ****     PWM8_CONFIG,
 125:hardware/HAL_Drivers/drv_pwm.c **** #endif
 126:hardware/HAL_Drivers/drv_pwm.c **** 
 127:hardware/HAL_Drivers/drv_pwm.c **** #ifdef BSP_USING_PWM9
 128:hardware/HAL_Drivers/drv_pwm.c ****     PWM9_CONFIG,
 129:hardware/HAL_Drivers/drv_pwm.c **** #endif
 130:hardware/HAL_Drivers/drv_pwm.c **** 
 131:hardware/HAL_Drivers/drv_pwm.c **** #ifdef BSP_USING_PWM10
 132:hardware/HAL_Drivers/drv_pwm.c ****     PWM10_CONFIG,
 133:hardware/HAL_Drivers/drv_pwm.c **** #endif
 134:hardware/HAL_Drivers/drv_pwm.c **** 
 135:hardware/HAL_Drivers/drv_pwm.c **** #ifdef BSP_USING_PWM11
 136:hardware/HAL_Drivers/drv_pwm.c ****     PWM11_CONFIG,
 137:hardware/HAL_Drivers/drv_pwm.c **** #endif
 138:hardware/HAL_Drivers/drv_pwm.c **** 
 139:hardware/HAL_Drivers/drv_pwm.c **** #ifdef BSP_USING_PWM12
 140:hardware/HAL_Drivers/drv_pwm.c ****     PWM12_CONFIG,
 141:hardware/HAL_Drivers/drv_pwm.c **** #endif
 142:hardware/HAL_Drivers/drv_pwm.c **** 
 143:hardware/HAL_Drivers/drv_pwm.c **** #ifdef BSP_USING_PWM13
 144:hardware/HAL_Drivers/drv_pwm.c ****     PWM13_CONFIG,
 145:hardware/HAL_Drivers/drv_pwm.c **** #endif
 146:hardware/HAL_Drivers/drv_pwm.c **** 
ARM GAS  /tmp/cczxL1u9.s 			page 4


 147:hardware/HAL_Drivers/drv_pwm.c **** #ifdef BSP_USING_PWM14
 148:hardware/HAL_Drivers/drv_pwm.c ****     PWM14_CONFIG,
 149:hardware/HAL_Drivers/drv_pwm.c **** #endif
 150:hardware/HAL_Drivers/drv_pwm.c **** 
 151:hardware/HAL_Drivers/drv_pwm.c **** #ifdef BSP_USING_PWM15
 152:hardware/HAL_Drivers/drv_pwm.c ****     PWM15_CONFIG,
 153:hardware/HAL_Drivers/drv_pwm.c **** #endif
 154:hardware/HAL_Drivers/drv_pwm.c **** 
 155:hardware/HAL_Drivers/drv_pwm.c **** #ifdef BSP_USING_PWM16
 156:hardware/HAL_Drivers/drv_pwm.c ****     PWM16_CONFIG,
 157:hardware/HAL_Drivers/drv_pwm.c **** #endif
 158:hardware/HAL_Drivers/drv_pwm.c **** 
 159:hardware/HAL_Drivers/drv_pwm.c **** #ifdef BSP_USING_PWM17
 160:hardware/HAL_Drivers/drv_pwm.c ****     PWM17_CONFIG,
 161:hardware/HAL_Drivers/drv_pwm.c **** #endif
 162:hardware/HAL_Drivers/drv_pwm.c **** };
 163:hardware/HAL_Drivers/drv_pwm.c **** 
 164:hardware/HAL_Drivers/drv_pwm.c **** static rt_err_t drv_pwm_control(struct rt_device_pwm *device, int cmd, void *arg);
 165:hardware/HAL_Drivers/drv_pwm.c **** static struct rt_pwm_ops drv_ops =
 166:hardware/HAL_Drivers/drv_pwm.c **** {
 167:hardware/HAL_Drivers/drv_pwm.c ****     drv_pwm_control
 168:hardware/HAL_Drivers/drv_pwm.c **** };
 169:hardware/HAL_Drivers/drv_pwm.c **** 
 170:hardware/HAL_Drivers/drv_pwm.c **** static rt_err_t drv_pwm_enable(TIM_HandleTypeDef *htim, struct rt_pwm_configuration *configuration,
 171:hardware/HAL_Drivers/drv_pwm.c **** {
 172:hardware/HAL_Drivers/drv_pwm.c ****     /* Converts the channel number to the channel number of Hal library */
 173:hardware/HAL_Drivers/drv_pwm.c ****     rt_uint32_t channel = 0x04 * (configuration->channel - 1);
 174:hardware/HAL_Drivers/drv_pwm.c **** 
 175:hardware/HAL_Drivers/drv_pwm.c ****     if (!enable)
 176:hardware/HAL_Drivers/drv_pwm.c ****     {
 177:hardware/HAL_Drivers/drv_pwm.c ****         HAL_TIM_PWM_Stop(htim, channel);
 178:hardware/HAL_Drivers/drv_pwm.c ****     }
 179:hardware/HAL_Drivers/drv_pwm.c ****     else
 180:hardware/HAL_Drivers/drv_pwm.c ****     {
 181:hardware/HAL_Drivers/drv_pwm.c ****         HAL_TIM_PWM_Start(htim, channel);
 182:hardware/HAL_Drivers/drv_pwm.c ****     }
 183:hardware/HAL_Drivers/drv_pwm.c **** 
 184:hardware/HAL_Drivers/drv_pwm.c ****     return RT_EOK;
 185:hardware/HAL_Drivers/drv_pwm.c **** }
 186:hardware/HAL_Drivers/drv_pwm.c **** 
 187:hardware/HAL_Drivers/drv_pwm.c **** static rt_err_t drv_pwm_get(TIM_HandleTypeDef *htim, struct rt_pwm_configuration *configuration)
 188:hardware/HAL_Drivers/drv_pwm.c **** {
 189:hardware/HAL_Drivers/drv_pwm.c ****     /* Converts the channel number to the channel number of Hal library */
 190:hardware/HAL_Drivers/drv_pwm.c ****     rt_uint32_t channel = 0x04 * (configuration->channel - 1);
 191:hardware/HAL_Drivers/drv_pwm.c ****     rt_uint64_t tim_clock;
 192:hardware/HAL_Drivers/drv_pwm.c **** 
 193:hardware/HAL_Drivers/drv_pwm.c **** #if defined(SOC_SERIES_STM32F2) || defined(SOC_SERIES_STM32F4) || defined(SOC_SERIES_STM32F7)
 194:hardware/HAL_Drivers/drv_pwm.c ****     if (htim->Instance == TIM9 || htim->Instance == TIM10 || htim->Instance == TIM11)
 195:hardware/HAL_Drivers/drv_pwm.c **** #elif defined(SOC_SERIES_STM32L4)
 196:hardware/HAL_Drivers/drv_pwm.c ****     if (htim->Instance == TIM15 || htim->Instance == TIM16 || htim->Instance == TIM17)
 197:hardware/HAL_Drivers/drv_pwm.c **** #elif defined(SOC_SERIES_STM32F1) || defined(SOC_SERIES_STM32F0) || defined(SOC_SERIES_STM32G0)
 198:hardware/HAL_Drivers/drv_pwm.c ****     if (0)
 199:hardware/HAL_Drivers/drv_pwm.c **** #endif
 200:hardware/HAL_Drivers/drv_pwm.c ****     {
 201:hardware/HAL_Drivers/drv_pwm.c **** #if !defined(SOC_SERIES_STM32F0) && !defined(SOC_SERIES_STM32G0)
 202:hardware/HAL_Drivers/drv_pwm.c ****         tim_clock = HAL_RCC_GetPCLK2Freq() * 2;
 203:hardware/HAL_Drivers/drv_pwm.c **** #endif
ARM GAS  /tmp/cczxL1u9.s 			page 5


 204:hardware/HAL_Drivers/drv_pwm.c ****     }
 205:hardware/HAL_Drivers/drv_pwm.c ****     else
 206:hardware/HAL_Drivers/drv_pwm.c ****     {
 207:hardware/HAL_Drivers/drv_pwm.c **** #if defined(SOC_SERIES_STM32L4) || defined(SOC_SERIES_STM32F0) || defined(SOC_SERIES_STM32G0)
 208:hardware/HAL_Drivers/drv_pwm.c ****         tim_clock = HAL_RCC_GetPCLK1Freq();
 209:hardware/HAL_Drivers/drv_pwm.c **** #else
 210:hardware/HAL_Drivers/drv_pwm.c ****         tim_clock = HAL_RCC_GetPCLK1Freq() * 2;
 211:hardware/HAL_Drivers/drv_pwm.c **** #endif
 212:hardware/HAL_Drivers/drv_pwm.c ****     }
 213:hardware/HAL_Drivers/drv_pwm.c ****     
 214:hardware/HAL_Drivers/drv_pwm.c ****     if (__HAL_TIM_GET_CLOCKDIVISION(htim) == TIM_CLOCKDIVISION_DIV2)
 215:hardware/HAL_Drivers/drv_pwm.c ****     {
 216:hardware/HAL_Drivers/drv_pwm.c ****         tim_clock = tim_clock / 2;
 217:hardware/HAL_Drivers/drv_pwm.c ****     }
 218:hardware/HAL_Drivers/drv_pwm.c ****     else if (__HAL_TIM_GET_CLOCKDIVISION(htim) == TIM_CLOCKDIVISION_DIV4)
 219:hardware/HAL_Drivers/drv_pwm.c ****     {
 220:hardware/HAL_Drivers/drv_pwm.c ****         tim_clock = tim_clock / 4;
 221:hardware/HAL_Drivers/drv_pwm.c ****     }
 222:hardware/HAL_Drivers/drv_pwm.c **** 
 223:hardware/HAL_Drivers/drv_pwm.c ****     /* Convert nanosecond to frequency and duty cycle. 1s = 1 * 1000 * 1000 * 1000 ns */
 224:hardware/HAL_Drivers/drv_pwm.c ****     tim_clock /= 1000000UL;
 225:hardware/HAL_Drivers/drv_pwm.c ****     configuration->period = (__HAL_TIM_GET_AUTORELOAD(htim) + 1) * (htim->Instance->PSC + 1) * 1000
 226:hardware/HAL_Drivers/drv_pwm.c ****     configuration->pulse = (__HAL_TIM_GET_COMPARE(htim, channel) + 1) * (htim->Instance->PSC + 1) *
 227:hardware/HAL_Drivers/drv_pwm.c **** 
 228:hardware/HAL_Drivers/drv_pwm.c ****     return RT_EOK;
 229:hardware/HAL_Drivers/drv_pwm.c **** }
 230:hardware/HAL_Drivers/drv_pwm.c **** 
 231:hardware/HAL_Drivers/drv_pwm.c **** static rt_err_t drv_pwm_set(TIM_HandleTypeDef *htim, struct rt_pwm_configuration *configuration)
 232:hardware/HAL_Drivers/drv_pwm.c **** {
 233:hardware/HAL_Drivers/drv_pwm.c ****     rt_uint32_t period, pulse;
 234:hardware/HAL_Drivers/drv_pwm.c ****     rt_uint64_t tim_clock, psc;
 235:hardware/HAL_Drivers/drv_pwm.c ****     /* Converts the channel number to the channel number of Hal library */
 236:hardware/HAL_Drivers/drv_pwm.c ****     rt_uint32_t channel = 0x04 * (configuration->channel - 1);
 237:hardware/HAL_Drivers/drv_pwm.c **** 
 238:hardware/HAL_Drivers/drv_pwm.c **** #if defined(SOC_SERIES_STM32F2) || defined(SOC_SERIES_STM32F4) || defined(SOC_SERIES_STM32F7)
 239:hardware/HAL_Drivers/drv_pwm.c ****     if (htim->Instance == TIM9 || htim->Instance == TIM10 || htim->Instance == TIM11)
 240:hardware/HAL_Drivers/drv_pwm.c **** #elif defined(SOC_SERIES_STM32L4)
 241:hardware/HAL_Drivers/drv_pwm.c ****     if (htim->Instance == TIM15 || htim->Instance == TIM16 || htim->Instance == TIM17)
 242:hardware/HAL_Drivers/drv_pwm.c **** #elif defined(SOC_SERIES_STM32F1) || defined(SOC_SERIES_STM32F0) || defined(SOC_SERIES_STM32G0)
 243:hardware/HAL_Drivers/drv_pwm.c ****     if (0)
 244:hardware/HAL_Drivers/drv_pwm.c **** #endif
 245:hardware/HAL_Drivers/drv_pwm.c ****     {
 246:hardware/HAL_Drivers/drv_pwm.c **** #if !defined(SOC_SERIES_STM32F0) && !defined(SOC_SERIES_STM32G0)
 247:hardware/HAL_Drivers/drv_pwm.c ****         tim_clock = HAL_RCC_GetPCLK2Freq() * 2;
 248:hardware/HAL_Drivers/drv_pwm.c **** #endif
 249:hardware/HAL_Drivers/drv_pwm.c ****     }
 250:hardware/HAL_Drivers/drv_pwm.c ****     else
 251:hardware/HAL_Drivers/drv_pwm.c ****     {
 252:hardware/HAL_Drivers/drv_pwm.c **** #if defined(SOC_SERIES_STM32L4) || defined(SOC_SERIES_STM32F0) || defined(SOC_SERIES_STM32G0)
 253:hardware/HAL_Drivers/drv_pwm.c ****         tim_clock = HAL_RCC_GetPCLK1Freq();
 254:hardware/HAL_Drivers/drv_pwm.c **** #else
 255:hardware/HAL_Drivers/drv_pwm.c ****         tim_clock = HAL_RCC_GetPCLK1Freq() * 2;
 256:hardware/HAL_Drivers/drv_pwm.c **** #endif
 257:hardware/HAL_Drivers/drv_pwm.c ****     }
 258:hardware/HAL_Drivers/drv_pwm.c **** 
 259:hardware/HAL_Drivers/drv_pwm.c ****     /* Convert nanosecond to frequency and duty cycle. 1s = 1 * 1000 * 1000 * 1000 ns */
 260:hardware/HAL_Drivers/drv_pwm.c ****     tim_clock /= 1000000UL;
ARM GAS  /tmp/cczxL1u9.s 			page 6


 261:hardware/HAL_Drivers/drv_pwm.c ****     period = (unsigned long long)configuration->period * tim_clock / 1000ULL ;
 262:hardware/HAL_Drivers/drv_pwm.c ****     psc = period / MAX_PERIOD + 1;
 263:hardware/HAL_Drivers/drv_pwm.c ****     period = period / psc;
 264:hardware/HAL_Drivers/drv_pwm.c ****     __HAL_TIM_SET_PRESCALER(htim, psc - 1);
 265:hardware/HAL_Drivers/drv_pwm.c **** 
 266:hardware/HAL_Drivers/drv_pwm.c ****     if (period < MIN_PERIOD)
 267:hardware/HAL_Drivers/drv_pwm.c ****     {
 268:hardware/HAL_Drivers/drv_pwm.c ****         period = MIN_PERIOD;
 269:hardware/HAL_Drivers/drv_pwm.c ****     }
 270:hardware/HAL_Drivers/drv_pwm.c ****     __HAL_TIM_SET_AUTORELOAD(htim, period - 1);
 271:hardware/HAL_Drivers/drv_pwm.c **** 
 272:hardware/HAL_Drivers/drv_pwm.c ****     pulse = (unsigned long long)configuration->pulse * tim_clock / psc / 1000ULL;
 273:hardware/HAL_Drivers/drv_pwm.c ****     if (pulse < MIN_PULSE)
 274:hardware/HAL_Drivers/drv_pwm.c ****     {
 275:hardware/HAL_Drivers/drv_pwm.c ****         pulse = MIN_PULSE;
 276:hardware/HAL_Drivers/drv_pwm.c ****     }
 277:hardware/HAL_Drivers/drv_pwm.c ****     else if (pulse > period)
 278:hardware/HAL_Drivers/drv_pwm.c ****     {
 279:hardware/HAL_Drivers/drv_pwm.c ****         pulse = period;
 280:hardware/HAL_Drivers/drv_pwm.c ****     }
 281:hardware/HAL_Drivers/drv_pwm.c **** 
 282:hardware/HAL_Drivers/drv_pwm.c ****     __HAL_TIM_SET_COMPARE(htim, channel, pulse - 1);
 283:hardware/HAL_Drivers/drv_pwm.c ****     __HAL_TIM_SET_COUNTER(htim, 0);
 284:hardware/HAL_Drivers/drv_pwm.c **** 
 285:hardware/HAL_Drivers/drv_pwm.c ****     /* Update frequency value */
 286:hardware/HAL_Drivers/drv_pwm.c ****     HAL_TIM_GenerateEvent(htim, TIM_EVENTSOURCE_UPDATE);
 287:hardware/HAL_Drivers/drv_pwm.c **** 
 288:hardware/HAL_Drivers/drv_pwm.c ****     return RT_EOK;
 289:hardware/HAL_Drivers/drv_pwm.c **** }
 290:hardware/HAL_Drivers/drv_pwm.c **** 
 291:hardware/HAL_Drivers/drv_pwm.c **** static rt_err_t drv_pwm_control(struct rt_device_pwm *device, int cmd, void *arg)
 292:hardware/HAL_Drivers/drv_pwm.c **** {
 293:hardware/HAL_Drivers/drv_pwm.c ****     struct rt_pwm_configuration *configuration = (struct rt_pwm_configuration *)arg;
 294:hardware/HAL_Drivers/drv_pwm.c ****     TIM_HandleTypeDef *htim = (TIM_HandleTypeDef *)device->parent.user_data;
 295:hardware/HAL_Drivers/drv_pwm.c **** 
 296:hardware/HAL_Drivers/drv_pwm.c ****     switch (cmd)
 297:hardware/HAL_Drivers/drv_pwm.c ****     {
 298:hardware/HAL_Drivers/drv_pwm.c ****     case PWM_CMD_ENABLE:
 299:hardware/HAL_Drivers/drv_pwm.c ****         return drv_pwm_enable(htim, configuration, RT_TRUE);
 300:hardware/HAL_Drivers/drv_pwm.c ****     case PWM_CMD_DISABLE:
 301:hardware/HAL_Drivers/drv_pwm.c ****         return drv_pwm_enable(htim, configuration, RT_FALSE);
 302:hardware/HAL_Drivers/drv_pwm.c ****     case PWM_CMD_SET:
 303:hardware/HAL_Drivers/drv_pwm.c ****         return drv_pwm_set(htim, configuration);
 304:hardware/HAL_Drivers/drv_pwm.c ****     case PWM_CMD_GET:
 305:hardware/HAL_Drivers/drv_pwm.c ****         return drv_pwm_get(htim, configuration);
 306:hardware/HAL_Drivers/drv_pwm.c ****     default:
 307:hardware/HAL_Drivers/drv_pwm.c ****         return RT_EINVAL;
 308:hardware/HAL_Drivers/drv_pwm.c ****     }
 309:hardware/HAL_Drivers/drv_pwm.c **** }
 310:hardware/HAL_Drivers/drv_pwm.c **** 
 311:hardware/HAL_Drivers/drv_pwm.c **** static rt_err_t stm32_hw_pwm_init(struct stm32_pwm *device)
 312:hardware/HAL_Drivers/drv_pwm.c **** {
 313:hardware/HAL_Drivers/drv_pwm.c ****     rt_err_t result = RT_EOK;
 314:hardware/HAL_Drivers/drv_pwm.c ****     TIM_HandleTypeDef *tim = RT_NULL;
 315:hardware/HAL_Drivers/drv_pwm.c ****     TIM_OC_InitTypeDef oc_config = {0};
 316:hardware/HAL_Drivers/drv_pwm.c ****     TIM_MasterConfigTypeDef master_config = {0};
 317:hardware/HAL_Drivers/drv_pwm.c ****     TIM_ClockConfigTypeDef clock_config = {0};
ARM GAS  /tmp/cczxL1u9.s 			page 7


 318:hardware/HAL_Drivers/drv_pwm.c **** 				/*led_off();*/
 319:hardware/HAL_Drivers/drv_pwm.c **** 
 320:hardware/HAL_Drivers/drv_pwm.c ****     RT_ASSERT(device != RT_NULL);
 321:hardware/HAL_Drivers/drv_pwm.c **** 
 322:hardware/HAL_Drivers/drv_pwm.c **** 	tim = (TIM_HandleTypeDef *)&device->tim_handle;
 323:hardware/HAL_Drivers/drv_pwm.c **** 
 324:hardware/HAL_Drivers/drv_pwm.c ****     /* configure the timer to pwm mode */
 325:hardware/HAL_Drivers/drv_pwm.c ****     tim->Init.Prescaler = 0;
 326:hardware/HAL_Drivers/drv_pwm.c ****     tim->Init.CounterMode = TIM_COUNTERMODE_UP;
 327:hardware/HAL_Drivers/drv_pwm.c ****     tim->Init.Period = 0;
 328:hardware/HAL_Drivers/drv_pwm.c ****     tim->Init.ClockDivision = TIM_CLOCKDIVISION_DIV1;
 329:hardware/HAL_Drivers/drv_pwm.c **** #if defined(SOC_SERIES_STM32F1) || defined(SOC_SERIES_STM32L4)
 330:hardware/HAL_Drivers/drv_pwm.c ****     tim->Init.AutoReloadPreload = TIM_AUTORELOAD_PRELOAD_DISABLE;
 331:hardware/HAL_Drivers/drv_pwm.c **** #endif
 332:hardware/HAL_Drivers/drv_pwm.c **** 
 333:hardware/HAL_Drivers/drv_pwm.c **** 	/*if (HAL_TIM_Base_Init(tim) != HAL_OK)*/
 334:hardware/HAL_Drivers/drv_pwm.c **** 	{
 335:hardware/HAL_Drivers/drv_pwm.c **** 		/*LOG_E("%s time base init failed", device->name);*/
 336:hardware/HAL_Drivers/drv_pwm.c **** 		/*result = -RT_ERROR;*/
 337:hardware/HAL_Drivers/drv_pwm.c **** 		/*goto __exit;*/
 338:hardware/HAL_Drivers/drv_pwm.c **** 	}
 339:hardware/HAL_Drivers/drv_pwm.c **** 
 340:hardware/HAL_Drivers/drv_pwm.c ****     clock_config.ClockSource = TIM_CLOCKSOURCE_INTERNAL;
 341:hardware/HAL_Drivers/drv_pwm.c **** 	/*if (HAL_TIM_ConfigClockSource(tim, &clock_config) != HAL_OK)*/
 342:hardware/HAL_Drivers/drv_pwm.c **** 	/*while (HAL_TIM_ConfigClockSource(tim, &clock_config) == HAL_OK);*/
 343:hardware/HAL_Drivers/drv_pwm.c **** 	{
 344:hardware/HAL_Drivers/drv_pwm.c **** 		/*LOG_E("%s clock init failed", device->name);*/
 345:hardware/HAL_Drivers/drv_pwm.c **** 		/*result = -RT_ERROR;*/
 346:hardware/HAL_Drivers/drv_pwm.c **** 		/*goto __exit;*/
 347:hardware/HAL_Drivers/drv_pwm.c **** 	}
 348:hardware/HAL_Drivers/drv_pwm.c **** 
 349:hardware/HAL_Drivers/drv_pwm.c ****     if (HAL_TIM_PWM_Init(tim) != HAL_OK)
 350:hardware/HAL_Drivers/drv_pwm.c ****     {
 351:hardware/HAL_Drivers/drv_pwm.c ****         LOG_E("%s pwm init failed", device->name);
 352:hardware/HAL_Drivers/drv_pwm.c ****         result = -RT_ERROR;
 353:hardware/HAL_Drivers/drv_pwm.c ****         goto __exit;
 354:hardware/HAL_Drivers/drv_pwm.c ****     }
 355:hardware/HAL_Drivers/drv_pwm.c **** 
 356:hardware/HAL_Drivers/drv_pwm.c ****     master_config.MasterOutputTrigger = TIM_TRGO_RESET;
 357:hardware/HAL_Drivers/drv_pwm.c ****     master_config.MasterSlaveMode = TIM_MASTERSLAVEMODE_DISABLE;
 358:hardware/HAL_Drivers/drv_pwm.c **** 	if (HAL_TIMEx_MasterConfigSynchronization(tim, &master_config) != HAL_OK)
 359:hardware/HAL_Drivers/drv_pwm.c **** 	{
 360:hardware/HAL_Drivers/drv_pwm.c **** 		LOG_E("%s master config failed", device->name);
 361:hardware/HAL_Drivers/drv_pwm.c **** 		result = -RT_ERROR;
 362:hardware/HAL_Drivers/drv_pwm.c **** 		goto __exit;
 363:hardware/HAL_Drivers/drv_pwm.c **** 	}
 364:hardware/HAL_Drivers/drv_pwm.c **** 
 365:hardware/HAL_Drivers/drv_pwm.c ****     oc_config.OCMode = TIM_OCMODE_PWM1;
 366:hardware/HAL_Drivers/drv_pwm.c ****     oc_config.Pulse = 0;
 367:hardware/HAL_Drivers/drv_pwm.c ****     oc_config.OCPolarity = TIM_OCPOLARITY_HIGH;
 368:hardware/HAL_Drivers/drv_pwm.c ****     oc_config.OCFastMode = TIM_OCFAST_DISABLE;
 369:hardware/HAL_Drivers/drv_pwm.c **** 
 370:hardware/HAL_Drivers/drv_pwm.c ****     /* config pwm channel */
 371:hardware/HAL_Drivers/drv_pwm.c ****     if (device->channel & 0x01)
 372:hardware/HAL_Drivers/drv_pwm.c ****     {
 373:hardware/HAL_Drivers/drv_pwm.c ****         if (HAL_TIM_PWM_ConfigChannel(tim, &oc_config, TIM_CHANNEL_1) != HAL_OK)
 374:hardware/HAL_Drivers/drv_pwm.c ****         {
ARM GAS  /tmp/cczxL1u9.s 			page 8


 375:hardware/HAL_Drivers/drv_pwm.c ****             LOG_E("%s channel1 config failed", device->name);
 376:hardware/HAL_Drivers/drv_pwm.c ****             result = -RT_ERROR;
 377:hardware/HAL_Drivers/drv_pwm.c ****             goto __exit;
 378:hardware/HAL_Drivers/drv_pwm.c ****         }
 379:hardware/HAL_Drivers/drv_pwm.c ****     }
 380:hardware/HAL_Drivers/drv_pwm.c **** 
 381:hardware/HAL_Drivers/drv_pwm.c ****     if (device->channel & 0x02)
 382:hardware/HAL_Drivers/drv_pwm.c ****     {
 383:hardware/HAL_Drivers/drv_pwm.c ****         if (HAL_TIM_PWM_ConfigChannel(tim, &oc_config, TIM_CHANNEL_2) != HAL_OK)
 384:hardware/HAL_Drivers/drv_pwm.c ****         {
 385:hardware/HAL_Drivers/drv_pwm.c ****             LOG_E("%s channel2 config failed", device->name);
 386:hardware/HAL_Drivers/drv_pwm.c ****             result = -RT_ERROR;
 387:hardware/HAL_Drivers/drv_pwm.c ****             goto __exit;
 388:hardware/HAL_Drivers/drv_pwm.c ****         }
 389:hardware/HAL_Drivers/drv_pwm.c ****     }
 390:hardware/HAL_Drivers/drv_pwm.c **** 
 391:hardware/HAL_Drivers/drv_pwm.c ****     if (device->channel & 0x04)
 392:hardware/HAL_Drivers/drv_pwm.c ****     {
 393:hardware/HAL_Drivers/drv_pwm.c ****         if (HAL_TIM_PWM_ConfigChannel(tim, &oc_config, TIM_CHANNEL_3) != HAL_OK)
 394:hardware/HAL_Drivers/drv_pwm.c ****         {
 395:hardware/HAL_Drivers/drv_pwm.c ****             LOG_E("%s channel3 config failed", device->name);
 396:hardware/HAL_Drivers/drv_pwm.c ****             result = -RT_ERROR;
 397:hardware/HAL_Drivers/drv_pwm.c ****             goto __exit;
 398:hardware/HAL_Drivers/drv_pwm.c ****         }
 399:hardware/HAL_Drivers/drv_pwm.c ****     }
 400:hardware/HAL_Drivers/drv_pwm.c **** 
 401:hardware/HAL_Drivers/drv_pwm.c ****     if (device->channel & 0x08)
 402:hardware/HAL_Drivers/drv_pwm.c ****     {
 403:hardware/HAL_Drivers/drv_pwm.c ****         if (HAL_TIM_PWM_ConfigChannel(tim, &oc_config, TIM_CHANNEL_4) != HAL_OK)
 404:hardware/HAL_Drivers/drv_pwm.c ****         {
 405:hardware/HAL_Drivers/drv_pwm.c ****             LOG_E("%s channel4 config failed", device->name);
 406:hardware/HAL_Drivers/drv_pwm.c ****             result = -RT_ERROR;
 407:hardware/HAL_Drivers/drv_pwm.c ****             goto __exit;
 408:hardware/HAL_Drivers/drv_pwm.c ****         }
 409:hardware/HAL_Drivers/drv_pwm.c ****     }
 410:hardware/HAL_Drivers/drv_pwm.c **** 
 411:hardware/HAL_Drivers/drv_pwm.c ****     /* pwm pin configuration */
 412:hardware/HAL_Drivers/drv_pwm.c **** 	HAL_TIM_MspPostInit(tim);
 413:hardware/HAL_Drivers/drv_pwm.c **** 
 414:hardware/HAL_Drivers/drv_pwm.c ****     /* enable update request source */
 415:hardware/HAL_Drivers/drv_pwm.c ****     __HAL_TIM_URS_ENABLE(tim);
 416:hardware/HAL_Drivers/drv_pwm.c **** 
 417:hardware/HAL_Drivers/drv_pwm.c **** __exit:
 418:hardware/HAL_Drivers/drv_pwm.c ****     return result;
 419:hardware/HAL_Drivers/drv_pwm.c **** }
 420:hardware/HAL_Drivers/drv_pwm.c **** 
 421:hardware/HAL_Drivers/drv_pwm.c **** static void pwm_get_channel(void)
 422:hardware/HAL_Drivers/drv_pwm.c **** {
  27              		.loc 1 422 0
  28              		.cfi_startproc
  29              		@ args = 0, pretend = 0, frame = 0
  30              		@ frame_needed = 0, uses_anonymous_args = 0
  31              		@ link register save eliminated.
 423:hardware/HAL_Drivers/drv_pwm.c **** #ifdef BSP_USING_PWM1_CH1
 424:hardware/HAL_Drivers/drv_pwm.c ****     stm32_pwm_obj[PWM1_INDEX].channel |= 1 << 0;
 425:hardware/HAL_Drivers/drv_pwm.c **** #endif
 426:hardware/HAL_Drivers/drv_pwm.c **** #ifdef BSP_USING_PWM1_CH2
ARM GAS  /tmp/cczxL1u9.s 			page 9


 427:hardware/HAL_Drivers/drv_pwm.c ****     stm32_pwm_obj[PWM1_INDEX].channel |= 1 << 1;
 428:hardware/HAL_Drivers/drv_pwm.c **** #endif
 429:hardware/HAL_Drivers/drv_pwm.c **** #ifdef BSP_USING_PWM1_CH3
 430:hardware/HAL_Drivers/drv_pwm.c ****     stm32_pwm_obj[PWM1_INDEX].channel |= 1 << 2;
 431:hardware/HAL_Drivers/drv_pwm.c **** #endif
 432:hardware/HAL_Drivers/drv_pwm.c **** #ifdef BSP_USING_PWM1_CH4
 433:hardware/HAL_Drivers/drv_pwm.c ****     stm32_pwm_obj[PWM1_INDEX].channel |= 1 << 3;
 434:hardware/HAL_Drivers/drv_pwm.c **** #endif
 435:hardware/HAL_Drivers/drv_pwm.c **** #ifdef BSP_USING_PWM2_CH1
 436:hardware/HAL_Drivers/drv_pwm.c ****     stm32_pwm_obj[PWM2_INDEX].channel |= 1 << 0;
 437:hardware/HAL_Drivers/drv_pwm.c **** #endif
 438:hardware/HAL_Drivers/drv_pwm.c **** #ifdef BSP_USING_PWM2_CH2
 439:hardware/HAL_Drivers/drv_pwm.c ****     stm32_pwm_obj[PWM2_INDEX].channel |= 1 << 1;
 440:hardware/HAL_Drivers/drv_pwm.c **** #endif
 441:hardware/HAL_Drivers/drv_pwm.c **** #ifdef BSP_USING_PWM2_CH3
 442:hardware/HAL_Drivers/drv_pwm.c ****     stm32_pwm_obj[PWM2_INDEX].channel |= 1 << 2;
 443:hardware/HAL_Drivers/drv_pwm.c **** #endif
 444:hardware/HAL_Drivers/drv_pwm.c **** #ifdef BSP_USING_PWM2_CH4
 445:hardware/HAL_Drivers/drv_pwm.c ****     stm32_pwm_obj[PWM2_INDEX].channel |= 1 << 3;
 446:hardware/HAL_Drivers/drv_pwm.c **** #endif
 447:hardware/HAL_Drivers/drv_pwm.c **** #ifdef BSP_USING_PWM3_CH1
 448:hardware/HAL_Drivers/drv_pwm.c ****     stm32_pwm_obj[PWM3_INDEX].channel |= 1 << 0;
 449:hardware/HAL_Drivers/drv_pwm.c **** #endif
 450:hardware/HAL_Drivers/drv_pwm.c **** #ifdef BSP_USING_PWM3_CH2
 451:hardware/HAL_Drivers/drv_pwm.c ****     stm32_pwm_obj[PWM3_INDEX].channel |= 1 << 1;
  32              		.loc 1 451 0
  33 0000 034A     		ldr	r2, .L2
  34 0002 92F87030 		ldrb	r3, [r2, #112]	@ zero_extendqisi2
 452:hardware/HAL_Drivers/drv_pwm.c **** #endif
 453:hardware/HAL_Drivers/drv_pwm.c **** #ifdef BSP_USING_PWM3_CH3
 454:hardware/HAL_Drivers/drv_pwm.c ****     stm32_pwm_obj[PWM3_INDEX].channel |= 1 << 2;
 455:hardware/HAL_Drivers/drv_pwm.c **** #endif
 456:hardware/HAL_Drivers/drv_pwm.c **** #ifdef BSP_USING_PWM3_CH4
 457:hardware/HAL_Drivers/drv_pwm.c ****     stm32_pwm_obj[PWM3_INDEX].channel |= 1 << 3;
  35              		.loc 1 457 0
  36 0006 43F00A03 		orr	r3, r3, #10
  37 000a 82F87030 		strb	r3, [r2, #112]
  38 000e 7047     		bx	lr
  39              	.L3:
  40              		.align	2
  41              	.L2:
  42 0010 00000000 		.word	.LANCHOR0
  43              		.cfi_endproc
  44              	.LFE143:
  46              		.section	.text.drv_pwm_enable,"ax",%progbits
  47              		.align	1
  48              		.syntax unified
  49              		.thumb
  50              		.thumb_func
  51              		.fpu fpv4-sp-d16
  53              	drv_pwm_enable:
  54              	.LFB138:
 171:hardware/HAL_Drivers/drv_pwm.c ****     /* Converts the channel number to the channel number of Hal library */
  55              		.loc 1 171 0
  56              		.cfi_startproc
  57              		@ args = 0, pretend = 0, frame = 0
  58              		@ frame_needed = 0, uses_anonymous_args = 0
ARM GAS  /tmp/cczxL1u9.s 			page 10


  59              	.LVL0:
  60 0000 08B5     		push	{r3, lr}
  61              	.LCFI0:
  62              		.cfi_def_cfa_offset 8
  63              		.cfi_offset 3, -8
  64              		.cfi_offset 14, -4
 173:hardware/HAL_Drivers/drv_pwm.c **** 
  65              		.loc 1 173 0
  66 0002 0968     		ldr	r1, [r1]
  67              	.LVL1:
  68 0004 01F18041 		add	r1, r1, #1073741824
  69 0008 0139     		subs	r1, r1, #1
  70 000a 8900     		lsls	r1, r1, #2
  71              	.LVL2:
 175:hardware/HAL_Drivers/drv_pwm.c ****     {
  72              		.loc 1 175 0
  73 000c 1AB1     		cbz	r2, .L8
 181:hardware/HAL_Drivers/drv_pwm.c ****     }
  74              		.loc 1 181 0
  75 000e FFF7FEFF 		bl	HAL_TIM_PWM_Start
  76              	.LVL3:
  77              	.L6:
 185:hardware/HAL_Drivers/drv_pwm.c **** 
  78              		.loc 1 185 0
  79 0012 0020     		movs	r0, #0
  80 0014 08BD     		pop	{r3, pc}
  81              	.LVL4:
  82              	.L8:
 177:hardware/HAL_Drivers/drv_pwm.c ****     }
  83              		.loc 1 177 0
  84 0016 FFF7FEFF 		bl	HAL_TIM_PWM_Stop
  85              	.LVL5:
  86 001a FAE7     		b	.L6
  87              		.cfi_endproc
  88              	.LFE138:
  90              		.global	__aeabi_uldivmod
  91              		.section	.text.drv_pwm_get,"ax",%progbits
  92              		.align	1
  93              		.syntax unified
  94              		.thumb
  95              		.thumb_func
  96              		.fpu fpv4-sp-d16
  98              	drv_pwm_get:
  99              	.LFB139:
 188:hardware/HAL_Drivers/drv_pwm.c ****     /* Converts the channel number to the channel number of Hal library */
 100              		.loc 1 188 0
 101              		.cfi_startproc
 102              		@ args = 0, pretend = 0, frame = 0
 103              		@ frame_needed = 0, uses_anonymous_args = 0
 104              	.LVL6:
 105 0000 2DE9F843 		push	{r3, r4, r5, r6, r7, r8, r9, lr}
 106              	.LCFI1:
 107              		.cfi_def_cfa_offset 32
 108              		.cfi_offset 3, -32
 109              		.cfi_offset 4, -28
 110              		.cfi_offset 5, -24
 111              		.cfi_offset 6, -20
ARM GAS  /tmp/cczxL1u9.s 			page 11


 112              		.cfi_offset 7, -16
 113              		.cfi_offset 8, -12
 114              		.cfi_offset 9, -8
 115              		.cfi_offset 14, -4
 116 0004 0746     		mov	r7, r0
 117 0006 0E46     		mov	r6, r1
 190:hardware/HAL_Drivers/drv_pwm.c ****     rt_uint64_t tim_clock;
 118              		.loc 1 190 0
 119 0008 0B68     		ldr	r3, [r1]
 120 000a 03F18043 		add	r3, r3, #1073741824
 121 000e 013B     		subs	r3, r3, #1
 122 0010 4FEA8308 		lsl	r8, r3, #2
 123              	.LVL7:
 194:hardware/HAL_Drivers/drv_pwm.c **** #elif defined(SOC_SERIES_STM32L4)
 124              		.loc 1 194 0
 125 0014 0368     		ldr	r3, [r0]
 126 0016 384A     		ldr	r2, .L25
 127 0018 9342     		cmp	r3, r2
 128 001a 50D0     		beq	.L10
 194:hardware/HAL_Drivers/drv_pwm.c **** #elif defined(SOC_SERIES_STM32L4)
 129              		.loc 1 194 0 is_stmt 0 discriminator 1
 130 001c 02F58062 		add	r2, r2, #1024
 131 0020 9342     		cmp	r3, r2
 132 0022 4CD0     		beq	.L10
 194:hardware/HAL_Drivers/drv_pwm.c **** #elif defined(SOC_SERIES_STM32L4)
 133              		.loc 1 194 0 discriminator 2
 134 0024 02F58062 		add	r2, r2, #1024
 135 0028 9342     		cmp	r3, r2
 136 002a 48D0     		beq	.L10
 210:hardware/HAL_Drivers/drv_pwm.c **** #endif
 137              		.loc 1 210 0 is_stmt 1
 138 002c FFF7FEFF 		bl	HAL_RCC_GetPCLK1Freq
 139              	.LVL8:
 140 0030 4000     		lsls	r0, r0, #1
 141 0032 0021     		movs	r1, #0
 142              	.LVL9:
 143              	.L12:
 214:hardware/HAL_Drivers/drv_pwm.c ****     {
 144              		.loc 1 214 0
 145 0034 D7F80090 		ldr	r9, [r7]
 146 0038 D9F80030 		ldr	r3, [r9]
 147 003c 03F44073 		and	r3, r3, #768
 148 0040 B3F5807F 		cmp	r3, #256
 149 0044 40D0     		beq	.L20
 218:hardware/HAL_Drivers/drv_pwm.c ****     {
 150              		.loc 1 218 0
 151 0046 D9F80030 		ldr	r3, [r9]
 152 004a 03F44073 		and	r3, r3, #768
 153 004e B3F5007F 		cmp	r3, #512
 154 0052 3DD0     		beq	.L21
 155              	.LVL10:
 156              	.L14:
 224:hardware/HAL_Drivers/drv_pwm.c ****     configuration->period = (__HAL_TIM_GET_AUTORELOAD(htim) + 1) * (htim->Instance->PSC + 1) * 1000
 157              		.loc 1 224 0
 158 0054 294A     		ldr	r2, .L25+4
 159 0056 0023     		movs	r3, #0
 160 0058 FFF7FEFF 		bl	__aeabi_uldivmod
ARM GAS  /tmp/cczxL1u9.s 			page 12


 161              	.LVL11:
 162 005c 0446     		mov	r4, r0
 163 005e 0D46     		mov	r5, r1
 164              	.LVL12:
 225:hardware/HAL_Drivers/drv_pwm.c ****     configuration->pulse = (__HAL_TIM_GET_COMPARE(htim, channel) + 1) * (htim->Instance->PSC + 1) *
 165              		.loc 1 225 0
 166 0060 D9F82C00 		ldr	r0, [r9, #44]
 167 0064 D9F82830 		ldr	r3, [r9, #40]
 168 0068 0130     		adds	r0, r0, #1
 169 006a 03FB0000 		mla	r0, r3, r0, r0
 170 006e 2246     		mov	r2, r4
 171 0070 0B46     		mov	r3, r1
 172 0072 4FF47A71 		mov	r1, #1000
 173 0076 01FB00F0 		mul	r0, r1, r0
 174 007a 0021     		movs	r1, #0
 175 007c FFF7FEFF 		bl	__aeabi_uldivmod
 176              	.LVL13:
 177 0080 7060     		str	r0, [r6, #4]
 226:hardware/HAL_Drivers/drv_pwm.c **** 
 178              		.loc 1 226 0
 179 0082 B8F1000F 		cmp	r8, #0
 180 0086 2AD0     		beq	.L22
 226:hardware/HAL_Drivers/drv_pwm.c **** 
 181              		.loc 1 226 0 is_stmt 0 discriminator 2
 182 0088 B8F1040F 		cmp	r8, #4
 183 008c 2BD0     		beq	.L23
 226:hardware/HAL_Drivers/drv_pwm.c **** 
 184              		.loc 1 226 0 discriminator 5
 185 008e B8F1080F 		cmp	r8, #8
 186 0092 2CD0     		beq	.L24
 226:hardware/HAL_Drivers/drv_pwm.c **** 
 187              		.loc 1 226 0 discriminator 8
 188 0094 3B68     		ldr	r3, [r7]
 189 0096 186C     		ldr	r0, [r3, #64]
 190 0098 0130     		adds	r0, r0, #1
 191              	.L16:
 226:hardware/HAL_Drivers/drv_pwm.c **** 
 192              		.loc 1 226 0 discriminator 12
 193 009a 3B68     		ldr	r3, [r7]
 194 009c 9B6A     		ldr	r3, [r3, #40]
 195 009e 03FB0000 		mla	r0, r3, r0, r0
 196 00a2 0027     		movs	r7, #0
 197              	.LVL14:
 198 00a4 2246     		mov	r2, r4
 199 00a6 2B46     		mov	r3, r5
 200 00a8 4FF47A71 		mov	r1, #1000
 201 00ac 01FB00F0 		mul	r0, r1, r0
 202 00b0 3946     		mov	r1, r7
 203 00b2 FFF7FEFF 		bl	__aeabi_uldivmod
 204              	.LVL15:
 205 00b6 B060     		str	r0, [r6, #8]
 229:hardware/HAL_Drivers/drv_pwm.c **** 
 206              		.loc 1 229 0 is_stmt 1 discriminator 12
 207 00b8 3846     		mov	r0, r7
 208 00ba BDE8F883 		pop	{r3, r4, r5, r6, r7, r8, r9, pc}
 209              	.LVL16:
 210              	.L10:
ARM GAS  /tmp/cczxL1u9.s 			page 13


 202:hardware/HAL_Drivers/drv_pwm.c **** #endif
 211              		.loc 1 202 0
 212 00be FFF7FEFF 		bl	HAL_RCC_GetPCLK2Freq
 213              	.LVL17:
 214 00c2 4000     		lsls	r0, r0, #1
 215 00c4 0021     		movs	r1, #0
 216              	.LVL18:
 217 00c6 B5E7     		b	.L12
 218              	.L20:
 216:hardware/HAL_Drivers/drv_pwm.c ****     }
 219              		.loc 1 216 0
 220 00c8 4908     		movs	r1, r1, lsr #1
 221 00ca 4FEA3000 		mov	r0, r0, rrx
 222              	.LVL19:
 223 00ce C1E7     		b	.L14
 224              	.L21:
 220:hardware/HAL_Drivers/drv_pwm.c ****     }
 225              		.loc 1 220 0
 226 00d0 8308     		lsrs	r3, r0, #2
 227 00d2 43EA8173 		orr	r3, r3, r1, lsl #30
 228 00d6 8A08     		lsrs	r2, r1, #2
 229 00d8 1846     		mov	r0, r3
 230              	.LVL20:
 231 00da 1146     		mov	r1, r2
 232              	.LVL21:
 233 00dc BAE7     		b	.L14
 234              	.LVL22:
 235              	.L22:
 226:hardware/HAL_Drivers/drv_pwm.c **** 
 236              		.loc 1 226 0 discriminator 1
 237 00de 3B68     		ldr	r3, [r7]
 238 00e0 586B     		ldr	r0, [r3, #52]
 239 00e2 0130     		adds	r0, r0, #1
 240 00e4 D9E7     		b	.L16
 241              	.L23:
 226:hardware/HAL_Drivers/drv_pwm.c **** 
 242              		.loc 1 226 0 is_stmt 0 discriminator 4
 243 00e6 3B68     		ldr	r3, [r7]
 244 00e8 986B     		ldr	r0, [r3, #56]
 245 00ea 0130     		adds	r0, r0, #1
 246 00ec D5E7     		b	.L16
 247              	.L24:
 226:hardware/HAL_Drivers/drv_pwm.c **** 
 248              		.loc 1 226 0 discriminator 7
 249 00ee 3B68     		ldr	r3, [r7]
 250 00f0 D86B     		ldr	r0, [r3, #60]
 251 00f2 0130     		adds	r0, r0, #1
 252 00f4 D1E7     		b	.L16
 253              	.L26:
 254 00f6 00BF     		.align	2
 255              	.L25:
 256 00f8 00400140 		.word	1073823744
 257 00fc 40420F00 		.word	1000000
 258              		.cfi_endproc
 259              	.LFE139:
 261              		.section	.text.drv_pwm_set,"ax",%progbits
 262              		.align	1
ARM GAS  /tmp/cczxL1u9.s 			page 14


 263              		.syntax unified
 264              		.thumb
 265              		.thumb_func
 266              		.fpu fpv4-sp-d16
 268              	drv_pwm_set:
 269              	.LFB140:
 232:hardware/HAL_Drivers/drv_pwm.c ****     rt_uint32_t period, pulse;
 270              		.loc 1 232 0 is_stmt 1
 271              		.cfi_startproc
 272              		@ args = 0, pretend = 0, frame = 0
 273              		@ frame_needed = 0, uses_anonymous_args = 0
 274              	.LVL23:
 275 0000 2DE9F84F 		push	{r3, r4, r5, r6, r7, r8, r9, r10, fp, lr}
 276              	.LCFI2:
 277              		.cfi_def_cfa_offset 40
 278              		.cfi_offset 3, -40
 279              		.cfi_offset 4, -36
 280              		.cfi_offset 5, -32
 281              		.cfi_offset 6, -28
 282              		.cfi_offset 7, -24
 283              		.cfi_offset 8, -20
 284              		.cfi_offset 9, -16
 285              		.cfi_offset 10, -12
 286              		.cfi_offset 11, -8
 287              		.cfi_offset 14, -4
 288 0004 0546     		mov	r5, r0
 289 0006 8946     		mov	r9, r1
 236:hardware/HAL_Drivers/drv_pwm.c **** 
 290              		.loc 1 236 0
 291 0008 0C68     		ldr	r4, [r1]
 292 000a 04F18044 		add	r4, r4, #1073741824
 293 000e 013C     		subs	r4, r4, #1
 294 0010 A400     		lsls	r4, r4, #2
 295              	.LVL24:
 239:hardware/HAL_Drivers/drv_pwm.c **** #elif defined(SOC_SERIES_STM32L4)
 296              		.loc 1 239 0
 297 0012 0368     		ldr	r3, [r0]
 298 0014 3A4A     		ldr	r2, .L43
 299 0016 9342     		cmp	r3, r2
 300 0018 5AD0     		beq	.L28
 239:hardware/HAL_Drivers/drv_pwm.c **** #elif defined(SOC_SERIES_STM32L4)
 301              		.loc 1 239 0 is_stmt 0 discriminator 1
 302 001a 02F58062 		add	r2, r2, #1024
 303 001e 9342     		cmp	r3, r2
 304 0020 56D0     		beq	.L28
 239:hardware/HAL_Drivers/drv_pwm.c **** #elif defined(SOC_SERIES_STM32L4)
 305              		.loc 1 239 0 discriminator 2
 306 0022 02F58062 		add	r2, r2, #1024
 307 0026 9342     		cmp	r3, r2
 308 0028 52D0     		beq	.L28
 255:hardware/HAL_Drivers/drv_pwm.c **** #endif
 309              		.loc 1 255 0 is_stmt 1
 310 002a FFF7FEFF 		bl	HAL_RCC_GetPCLK1Freq
 311              	.LVL25:
 312 002e 4000     		lsls	r0, r0, #1
 313 0030 0021     		movs	r1, #0
 314              	.LVL26:
ARM GAS  /tmp/cczxL1u9.s 			page 15


 315              	.L30:
 260:hardware/HAL_Drivers/drv_pwm.c ****     period = (unsigned long long)configuration->period * tim_clock / 1000ULL ;
 316              		.loc 1 260 0
 317 0032 344A     		ldr	r2, .L43+4
 318 0034 0023     		movs	r3, #0
 319 0036 FFF7FEFF 		bl	__aeabi_uldivmod
 320              	.LVL27:
 321 003a 0646     		mov	r6, r0
 322 003c 8B46     		mov	fp, r1
 323              	.LVL28:
 261:hardware/HAL_Drivers/drv_pwm.c ****     psc = period / MAX_PERIOD + 1;
 324              		.loc 1 261 0
 325 003e D9F80430 		ldr	r3, [r9, #4]
 326 0042 A0FB0301 		umull	r0, r1, r0, r3
 327              	.LVL29:
 328 0046 03FB0B11 		mla	r1, r3, fp, r1
 329              	.LVL30:
 330 004a 4FF47A72 		mov	r2, #1000
 331 004e 0023     		movs	r3, #0
 332 0050 FFF7FEFF 		bl	__aeabi_uldivmod
 333              	.LVL31:
 262:hardware/HAL_Drivers/drv_pwm.c ****     period = period / psc;
 334              		.loc 1 262 0
 335 0054 2C4F     		ldr	r7, .L43+8
 336 0056 A7FB0037 		umull	r3, r7, r7, r0
 337 005a FF0B     		lsrs	r7, r7, #15
 338 005c 07F1010A 		add	r10, r7, #1
 339              	.LVL32:
 263:hardware/HAL_Drivers/drv_pwm.c ****     __HAL_TIM_SET_PRESCALER(htim, psc - 1);
 340              		.loc 1 263 0
 341 0060 5246     		mov	r2, r10
 342 0062 0023     		movs	r3, #0
 343 0064 0021     		movs	r1, #0
 344 0066 FFF7FEFF 		bl	__aeabi_uldivmod
 345              	.LVL33:
 346 006a 8046     		mov	r8, r0
 347              	.LVL34:
 264:hardware/HAL_Drivers/drv_pwm.c **** 
 348              		.loc 1 264 0
 349 006c 2B68     		ldr	r3, [r5]
 350 006e 9F62     		str	r7, [r3, #40]
 266:hardware/HAL_Drivers/drv_pwm.c ****     {
 351              		.loc 1 266 0
 352 0070 0228     		cmp	r0, #2
 353 0072 01D8     		bhi	.L31
 268:hardware/HAL_Drivers/drv_pwm.c ****     }
 354              		.loc 1 268 0
 355 0074 4FF00308 		mov	r8, #3
 356              	.L31:
 357              	.LVL35:
 270:hardware/HAL_Drivers/drv_pwm.c **** 
 358              		.loc 1 270 0
 359 0078 2A68     		ldr	r2, [r5]
 360 007a 08F1FF33 		add	r3, r8, #-1
 361 007e D362     		str	r3, [r2, #44]
 362 0080 EB60     		str	r3, [r5, #12]
 272:hardware/HAL_Drivers/drv_pwm.c ****     if (pulse < MIN_PULSE)
ARM GAS  /tmp/cczxL1u9.s 			page 16


 363              		.loc 1 272 0
 364 0082 D9F80830 		ldr	r3, [r9, #8]
 365 0086 A6FB0301 		umull	r0, r1, r6, r3
 366 008a 03FB0B11 		mla	r1, r3, fp, r1
 367 008e 5246     		mov	r2, r10
 368 0090 0023     		movs	r3, #0
 369 0092 FFF7FEFF 		bl	__aeabi_uldivmod
 370              	.LVL36:
 371 0096 4FF47A72 		mov	r2, #1000
 372 009a 0023     		movs	r3, #0
 373 009c FFF7FEFF 		bl	__aeabi_uldivmod
 374              	.LVL37:
 273:hardware/HAL_Drivers/drv_pwm.c ****     {
 375              		.loc 1 273 0
 376 00a0 0128     		cmp	r0, #1
 377 00a2 1AD9     		bls	.L38
 277:hardware/HAL_Drivers/drv_pwm.c ****     {
 378              		.loc 1 277 0
 379 00a4 8045     		cmp	r8, r0
 380 00a6 00D3     		bcc	.L32
 272:hardware/HAL_Drivers/drv_pwm.c ****     if (pulse < MIN_PULSE)
 381              		.loc 1 272 0
 382 00a8 8046     		mov	r8, r0
 383              	.LVL38:
 384              	.L32:
 282:hardware/HAL_Drivers/drv_pwm.c ****     __HAL_TIM_SET_COUNTER(htim, 0);
 385              		.loc 1 282 0
 386 00aa CCB1     		cbz	r4, .L40
 282:hardware/HAL_Drivers/drv_pwm.c ****     __HAL_TIM_SET_COUNTER(htim, 0);
 387              		.loc 1 282 0 is_stmt 0 discriminator 2
 388 00ac 042C     		cmp	r4, #4
 389 00ae 1CD0     		beq	.L41
 282:hardware/HAL_Drivers/drv_pwm.c ****     __HAL_TIM_SET_COUNTER(htim, 0);
 390              		.loc 1 282 0 discriminator 4
 391 00b0 082C     		cmp	r4, #8
 392 00b2 1FD0     		beq	.L42
 282:hardware/HAL_Drivers/drv_pwm.c ****     __HAL_TIM_SET_COUNTER(htim, 0);
 393              		.loc 1 282 0 discriminator 7
 394 00b4 2A68     		ldr	r2, [r5]
 395 00b6 08F1FF33 		add	r3, r8, #-1
 396 00ba 1364     		str	r3, [r2, #64]
 397              	.L34:
 283:hardware/HAL_Drivers/drv_pwm.c **** 
 398              		.loc 1 283 0 is_stmt 1
 399 00bc 2B68     		ldr	r3, [r5]
 400 00be 0024     		movs	r4, #0
 401              	.LVL39:
 402 00c0 5C62     		str	r4, [r3, #36]
 286:hardware/HAL_Drivers/drv_pwm.c **** 
 403              		.loc 1 286 0
 404 00c2 0121     		movs	r1, #1
 405 00c4 2846     		mov	r0, r5
 406 00c6 FFF7FEFF 		bl	HAL_TIM_GenerateEvent
 407              	.LVL40:
 289:hardware/HAL_Drivers/drv_pwm.c **** 
 408              		.loc 1 289 0
 409 00ca 2046     		mov	r0, r4
ARM GAS  /tmp/cczxL1u9.s 			page 17


 410 00cc BDE8F88F 		pop	{r3, r4, r5, r6, r7, r8, r9, r10, fp, pc}
 411              	.LVL41:
 412              	.L28:
 247:hardware/HAL_Drivers/drv_pwm.c **** #endif
 413              		.loc 1 247 0
 414 00d0 FFF7FEFF 		bl	HAL_RCC_GetPCLK2Freq
 415              	.LVL42:
 416 00d4 4000     		lsls	r0, r0, #1
 417 00d6 0021     		movs	r1, #0
 418              	.LVL43:
 419 00d8 ABE7     		b	.L30
 420              	.LVL44:
 421              	.L38:
 275:hardware/HAL_Drivers/drv_pwm.c ****     }
 422              		.loc 1 275 0
 423 00da 4FF00208 		mov	r8, #2
 424              	.LVL45:
 425 00de E4E7     		b	.L32
 426              	.LVL46:
 427              	.L40:
 282:hardware/HAL_Drivers/drv_pwm.c ****     __HAL_TIM_SET_COUNTER(htim, 0);
 428              		.loc 1 282 0 discriminator 1
 429 00e0 2B68     		ldr	r3, [r5]
 430 00e2 08F1FF32 		add	r2, r8, #-1
 431 00e6 5A63     		str	r2, [r3, #52]
 432 00e8 E8E7     		b	.L34
 433              	.L41:
 282:hardware/HAL_Drivers/drv_pwm.c ****     __HAL_TIM_SET_COUNTER(htim, 0);
 434              		.loc 1 282 0 is_stmt 0 discriminator 3
 435 00ea 2B68     		ldr	r3, [r5]
 436 00ec 08F1FF32 		add	r2, r8, #-1
 437 00f0 9A63     		str	r2, [r3, #56]
 438 00f2 E3E7     		b	.L34
 439              	.L42:
 282:hardware/HAL_Drivers/drv_pwm.c ****     __HAL_TIM_SET_COUNTER(htim, 0);
 440              		.loc 1 282 0 discriminator 6
 441 00f4 2B68     		ldr	r3, [r5]
 442 00f6 08F1FF32 		add	r2, r8, #-1
 443 00fa DA63     		str	r2, [r3, #60]
 444 00fc DEE7     		b	.L34
 445              	.L44:
 446 00fe 00BF     		.align	2
 447              	.L43:
 448 0100 00400140 		.word	1073823744
 449 0104 40420F00 		.word	1000000
 450 0108 01800080 		.word	-2147450879
 451              		.cfi_endproc
 452              	.LFE140:
 454              		.section	.text.drv_pwm_control,"ax",%progbits
 455              		.align	1
 456              		.syntax unified
 457              		.thumb
 458              		.thumb_func
 459              		.fpu fpv4-sp-d16
 461              	drv_pwm_control:
 462              	.LFB141:
 292:hardware/HAL_Drivers/drv_pwm.c ****     struct rt_pwm_configuration *configuration = (struct rt_pwm_configuration *)arg;
ARM GAS  /tmp/cczxL1u9.s 			page 18


 463              		.loc 1 292 0 is_stmt 1
 464              		.cfi_startproc
 465              		@ args = 0, pretend = 0, frame = 0
 466              		@ frame_needed = 0, uses_anonymous_args = 0
 467              	.LVL47:
 468 0000 08B5     		push	{r3, lr}
 469              	.LCFI3:
 470              		.cfi_def_cfa_offset 8
 471              		.cfi_offset 3, -8
 472              		.cfi_offset 14, -4
 473 0002 1346     		mov	r3, r2
 474              	.LVL48:
 294:hardware/HAL_Drivers/drv_pwm.c **** 
 475              		.loc 1 294 0
 476 0004 806A     		ldr	r0, [r0, #40]
 477              	.LVL49:
 296:hardware/HAL_Drivers/drv_pwm.c ****     {
 478              		.loc 1 296 0
 479 0006 8039     		subs	r1, r1, #128
 480              	.LVL50:
 481 0008 0329     		cmp	r1, #3
 482 000a 15D8     		bhi	.L52
 483 000c DFE801F0 		tbb	[pc, r1]
 484              	.LVL51:
 485              	.L48:
 486 0010 02       		.byte	(.L47-.L48)/2
 487 0011 07       		.byte	(.L49-.L48)/2
 488 0012 0C       		.byte	(.L50-.L48)/2
 489 0013 10       		.byte	(.L51-.L48)/2
 490              		.p2align 1
 491              	.L47:
 299:hardware/HAL_Drivers/drv_pwm.c ****     case PWM_CMD_DISABLE:
 492              		.loc 1 299 0
 493 0014 0122     		movs	r2, #1
 494 0016 1946     		mov	r1, r3
 495              	.LVL52:
 496 0018 FFF7FEFF 		bl	drv_pwm_enable
 497              	.LVL53:
 498 001c 08BD     		pop	{r3, pc}
 499              	.LVL54:
 500              	.L49:
 301:hardware/HAL_Drivers/drv_pwm.c ****     case PWM_CMD_SET:
 501              		.loc 1 301 0
 502 001e 0022     		movs	r2, #0
 503 0020 1946     		mov	r1, r3
 504 0022 FFF7FEFF 		bl	drv_pwm_enable
 505              	.LVL55:
 506 0026 08BD     		pop	{r3, pc}
 507              	.LVL56:
 508              	.L50:
 303:hardware/HAL_Drivers/drv_pwm.c ****     case PWM_CMD_GET:
 509              		.loc 1 303 0
 510 0028 1946     		mov	r1, r3
 511 002a FFF7FEFF 		bl	drv_pwm_set
 512              	.LVL57:
 513 002e 08BD     		pop	{r3, pc}
 514              	.LVL58:
ARM GAS  /tmp/cczxL1u9.s 			page 19


 515              	.L51:
 305:hardware/HAL_Drivers/drv_pwm.c ****     default:
 516              		.loc 1 305 0
 517 0030 1946     		mov	r1, r3
 518 0032 FFF7FEFF 		bl	drv_pwm_get
 519              	.LVL59:
 520 0036 08BD     		pop	{r3, pc}
 521              	.LVL60:
 522              	.L52:
 307:hardware/HAL_Drivers/drv_pwm.c ****     }
 523              		.loc 1 307 0
 524 0038 0A20     		movs	r0, #10
 525              	.LVL61:
 309:hardware/HAL_Drivers/drv_pwm.c **** 
 526              		.loc 1 309 0
 527 003a 08BD     		pop	{r3, pc}
 528              		.cfi_endproc
 529              	.LFE141:
 531              		.section	.text.stm32_hw_pwm_init,"ax",%progbits
 532              		.align	1
 533              		.syntax unified
 534              		.thumb
 535              		.thumb_func
 536              		.fpu fpv4-sp-d16
 538              	stm32_hw_pwm_init:
 539              	.LFB142:
 312:hardware/HAL_Drivers/drv_pwm.c ****     rt_err_t result = RT_EOK;
 540              		.loc 1 312 0
 541              		.cfi_startproc
 542              		@ args = 0, pretend = 0, frame = 40
 543              		@ frame_needed = 0, uses_anonymous_args = 0
 544              	.LVL62:
 545 0000 30B5     		push	{r4, r5, lr}
 546              	.LCFI4:
 547              		.cfi_def_cfa_offset 12
 548              		.cfi_offset 4, -12
 549              		.cfi_offset 5, -8
 550              		.cfi_offset 14, -4
 551 0002 8BB0     		sub	sp, sp, #44
 552              	.LCFI5:
 553              		.cfi_def_cfa_offset 56
 554 0004 0446     		mov	r4, r0
 555              	.LVL63:
 315:hardware/HAL_Drivers/drv_pwm.c ****     TIM_MasterConfigTypeDef master_config = {0};
 556              		.loc 1 315 0
 557 0006 0023     		movs	r3, #0
 558 0008 0393     		str	r3, [sp, #12]
 559 000a 0493     		str	r3, [sp, #16]
 560 000c 0593     		str	r3, [sp, #20]
 561 000e 0693     		str	r3, [sp, #24]
 562 0010 0793     		str	r3, [sp, #28]
 563 0012 0893     		str	r3, [sp, #32]
 564 0014 0993     		str	r3, [sp, #36]
 316:hardware/HAL_Drivers/drv_pwm.c ****     TIM_ClockConfigTypeDef clock_config = {0};
 565              		.loc 1 316 0
 566 0016 0193     		str	r3, [sp, #4]
 567 0018 0293     		str	r3, [sp, #8]
ARM GAS  /tmp/cczxL1u9.s 			page 20


 322:hardware/HAL_Drivers/drv_pwm.c **** 
 568              		.loc 1 322 0
 569 001a 00F13005 		add	r5, r0, #48
 570              	.LVL64:
 325:hardware/HAL_Drivers/drv_pwm.c ****     tim->Init.CounterMode = TIM_COUNTERMODE_UP;
 571              		.loc 1 325 0
 572 001e 4363     		str	r3, [r0, #52]
 326:hardware/HAL_Drivers/drv_pwm.c ****     tim->Init.Period = 0;
 573              		.loc 1 326 0
 574 0020 8363     		str	r3, [r0, #56]
 327:hardware/HAL_Drivers/drv_pwm.c ****     tim->Init.ClockDivision = TIM_CLOCKDIVISION_DIV1;
 575              		.loc 1 327 0
 576 0022 C363     		str	r3, [r0, #60]
 328:hardware/HAL_Drivers/drv_pwm.c **** #if defined(SOC_SERIES_STM32F1) || defined(SOC_SERIES_STM32L4)
 577              		.loc 1 328 0
 578 0024 0364     		str	r3, [r0, #64]
 349:hardware/HAL_Drivers/drv_pwm.c ****     {
 579              		.loc 1 349 0
 580 0026 2846     		mov	r0, r5
 581              	.LVL65:
 582 0028 FFF7FEFF 		bl	HAL_TIM_PWM_Init
 583              	.LVL66:
 584 002c 0028     		cmp	r0, #0
 585 002e 52D1     		bne	.L60
 356:hardware/HAL_Drivers/drv_pwm.c ****     master_config.MasterSlaveMode = TIM_MASTERSLAVEMODE_DISABLE;
 586              		.loc 1 356 0
 587 0030 0023     		movs	r3, #0
 588 0032 0193     		str	r3, [sp, #4]
 357:hardware/HAL_Drivers/drv_pwm.c **** 	if (HAL_TIMEx_MasterConfigSynchronization(tim, &master_config) != HAL_OK)
 589              		.loc 1 357 0
 590 0034 0293     		str	r3, [sp, #8]
 358:hardware/HAL_Drivers/drv_pwm.c **** 	{
 591              		.loc 1 358 0
 592 0036 01A9     		add	r1, sp, #4
 593 0038 2846     		mov	r0, r5
 594 003a FFF7FEFF 		bl	HAL_TIMEx_MasterConfigSynchronization
 595              	.LVL67:
 596 003e 0028     		cmp	r0, #0
 597 0040 4CD1     		bne	.L61
 365:hardware/HAL_Drivers/drv_pwm.c ****     oc_config.Pulse = 0;
 598              		.loc 1 365 0
 599 0042 6023     		movs	r3, #96
 600 0044 0393     		str	r3, [sp, #12]
 366:hardware/HAL_Drivers/drv_pwm.c ****     oc_config.OCPolarity = TIM_OCPOLARITY_HIGH;
 601              		.loc 1 366 0
 602 0046 0023     		movs	r3, #0
 603 0048 0493     		str	r3, [sp, #16]
 367:hardware/HAL_Drivers/drv_pwm.c ****     oc_config.OCFastMode = TIM_OCFAST_DISABLE;
 604              		.loc 1 367 0
 605 004a 0593     		str	r3, [sp, #20]
 368:hardware/HAL_Drivers/drv_pwm.c **** 
 606              		.loc 1 368 0
 607 004c 0793     		str	r3, [sp, #28]
 371:hardware/HAL_Drivers/drv_pwm.c ****     {
 608              		.loc 1 371 0
 609 004e 94F87030 		ldrb	r3, [r4, #112]	@ zero_extendqisi2
 610 0052 13F0010F 		tst	r3, #1
ARM GAS  /tmp/cczxL1u9.s 			page 21


 611 0056 20D1     		bne	.L67
 612              	.L56:
 381:hardware/HAL_Drivers/drv_pwm.c ****     {
 613              		.loc 1 381 0
 614 0058 94F87030 		ldrb	r3, [r4, #112]	@ zero_extendqisi2
 615 005c 13F0020F 		tst	r3, #2
 616 0060 25D1     		bne	.L68
 617              	.L57:
 391:hardware/HAL_Drivers/drv_pwm.c ****     {
 618              		.loc 1 391 0
 619 0062 94F87030 		ldrb	r3, [r4, #112]	@ zero_extendqisi2
 620 0066 13F0040F 		tst	r3, #4
 621 006a 2AD1     		bne	.L69
 622              	.L58:
 401:hardware/HAL_Drivers/drv_pwm.c ****     {
 623              		.loc 1 401 0
 624 006c 94F87030 		ldrb	r3, [r4, #112]	@ zero_extendqisi2
 625 0070 13F0080F 		tst	r3, #8
 626 0074 06D0     		beq	.L59
 403:hardware/HAL_Drivers/drv_pwm.c ****         {
 627              		.loc 1 403 0
 628 0076 0C22     		movs	r2, #12
 629 0078 0DEB0201 		add	r1, sp, r2
 630 007c 2846     		mov	r0, r5
 631 007e FFF7FEFF 		bl	HAL_TIM_PWM_ConfigChannel
 632              	.LVL68:
 633 0082 70BB     		cbnz	r0, .L65
 634              	.L59:
 412:hardware/HAL_Drivers/drv_pwm.c **** 
 635              		.loc 1 412 0
 636 0084 2846     		mov	r0, r5
 637 0086 FFF7FEFF 		bl	HAL_TIM_MspPostInit
 638              	.LVL69:
 415:hardware/HAL_Drivers/drv_pwm.c **** 
 639              		.loc 1 415 0
 640 008a 226B     		ldr	r2, [r4, #48]
 641 008c 1368     		ldr	r3, [r2]
 642 008e 43F00403 		orr	r3, r3, #4
 643 0092 1360     		str	r3, [r2]
 313:hardware/HAL_Drivers/drv_pwm.c ****     TIM_HandleTypeDef *tim = RT_NULL;
 644              		.loc 1 313 0
 645 0094 0020     		movs	r0, #0
 646              	.LVL70:
 647              	.L54:
 419:hardware/HAL_Drivers/drv_pwm.c **** 
 648              		.loc 1 419 0
 649 0096 0BB0     		add	sp, sp, #44
 650              	.LCFI6:
 651              		.cfi_remember_state
 652              		.cfi_def_cfa_offset 12
 653              		@ sp needed
 654 0098 30BD     		pop	{r4, r5, pc}
 655              	.LVL71:
 656              	.L67:
 657              	.LCFI7:
 658              		.cfi_restore_state
 373:hardware/HAL_Drivers/drv_pwm.c ****         {
ARM GAS  /tmp/cczxL1u9.s 			page 22


 659              		.loc 1 373 0
 660 009a 0022     		movs	r2, #0
 661 009c 03A9     		add	r1, sp, #12
 662 009e 2846     		mov	r0, r5
 663 00a0 FFF7FEFF 		bl	HAL_TIM_PWM_ConfigChannel
 664              	.LVL72:
 665 00a4 0028     		cmp	r0, #0
 666 00a6 D7D0     		beq	.L56
 376:hardware/HAL_Drivers/drv_pwm.c ****             goto __exit;
 667              		.loc 1 376 0
 668 00a8 4FF0FF30 		mov	r0, #-1
 669 00ac F3E7     		b	.L54
 670              	.L68:
 383:hardware/HAL_Drivers/drv_pwm.c ****         {
 671              		.loc 1 383 0
 672 00ae 0422     		movs	r2, #4
 673 00b0 03A9     		add	r1, sp, #12
 674 00b2 2846     		mov	r0, r5
 675 00b4 FFF7FEFF 		bl	HAL_TIM_PWM_ConfigChannel
 676              	.LVL73:
 677 00b8 0028     		cmp	r0, #0
 678 00ba D2D0     		beq	.L57
 386:hardware/HAL_Drivers/drv_pwm.c ****             goto __exit;
 679              		.loc 1 386 0
 680 00bc 4FF0FF30 		mov	r0, #-1
 681 00c0 E9E7     		b	.L54
 682              	.L69:
 393:hardware/HAL_Drivers/drv_pwm.c ****         {
 683              		.loc 1 393 0
 684 00c2 0822     		movs	r2, #8
 685 00c4 03A9     		add	r1, sp, #12
 686 00c6 2846     		mov	r0, r5
 687 00c8 FFF7FEFF 		bl	HAL_TIM_PWM_ConfigChannel
 688              	.LVL74:
 689 00cc 0028     		cmp	r0, #0
 690 00ce CDD0     		beq	.L58
 396:hardware/HAL_Drivers/drv_pwm.c ****             goto __exit;
 691              		.loc 1 396 0
 692 00d0 4FF0FF30 		mov	r0, #-1
 693 00d4 DFE7     		b	.L54
 694              	.L60:
 352:hardware/HAL_Drivers/drv_pwm.c ****         goto __exit;
 695              		.loc 1 352 0
 696 00d6 4FF0FF30 		mov	r0, #-1
 697 00da DCE7     		b	.L54
 698              	.L61:
 361:hardware/HAL_Drivers/drv_pwm.c **** 		goto __exit;
 699              		.loc 1 361 0
 700 00dc 4FF0FF30 		mov	r0, #-1
 701 00e0 D9E7     		b	.L54
 702              	.L65:
 406:hardware/HAL_Drivers/drv_pwm.c ****             goto __exit;
 703              		.loc 1 406 0
 704 00e2 4FF0FF30 		mov	r0, #-1
 705              	.L55:
 706              	.LVL75:
 418:hardware/HAL_Drivers/drv_pwm.c **** }
ARM GAS  /tmp/cczxL1u9.s 			page 23


 707              		.loc 1 418 0
 708 00e6 D6E7     		b	.L54
 709              		.cfi_endproc
 710              	.LFE142:
 712              		.section	.text.stm32_pwm_init,"ax",%progbits
 713              		.align	1
 714              		.syntax unified
 715              		.thumb
 716              		.thumb_func
 717              		.fpu fpv4-sp-d16
 719              	stm32_pwm_init:
 720              	.LFB144:
 458:hardware/HAL_Drivers/drv_pwm.c **** #endif
 459:hardware/HAL_Drivers/drv_pwm.c **** #ifdef BSP_USING_PWM4_CH1
 460:hardware/HAL_Drivers/drv_pwm.c ****     stm32_pwm_obj[PWM4_INDEX].channel |= 1 << 0;
 461:hardware/HAL_Drivers/drv_pwm.c **** #endif
 462:hardware/HAL_Drivers/drv_pwm.c **** #ifdef BSP_USING_PWM4_CH2
 463:hardware/HAL_Drivers/drv_pwm.c ****     stm32_pwm_obj[PWM4_INDEX].channel |= 1 << 1;
 464:hardware/HAL_Drivers/drv_pwm.c **** #endif
 465:hardware/HAL_Drivers/drv_pwm.c **** #ifdef BSP_USING_PWM4_CH3
 466:hardware/HAL_Drivers/drv_pwm.c ****     stm32_pwm_obj[PWM4_INDEX].channel |= 1 << 2;
 467:hardware/HAL_Drivers/drv_pwm.c **** #endif
 468:hardware/HAL_Drivers/drv_pwm.c **** #ifdef BSP_USING_PWM4_CH4
 469:hardware/HAL_Drivers/drv_pwm.c ****     stm32_pwm_obj[PWM4_INDEX].channel |= 1 << 3;
 470:hardware/HAL_Drivers/drv_pwm.c **** #endif
 471:hardware/HAL_Drivers/drv_pwm.c **** #ifdef BSP_USING_PWM5_CH1
 472:hardware/HAL_Drivers/drv_pwm.c ****     stm32_pwm_obj[PWM5_INDEX].channel |= 1 << 0;
 473:hardware/HAL_Drivers/drv_pwm.c **** #endif
 474:hardware/HAL_Drivers/drv_pwm.c **** #ifdef BSP_USING_PWM5_CH2
 475:hardware/HAL_Drivers/drv_pwm.c ****     stm32_pwm_obj[PWM5_INDEX].channel |= 1 << 1;
 476:hardware/HAL_Drivers/drv_pwm.c **** #endif
 477:hardware/HAL_Drivers/drv_pwm.c **** #ifdef BSP_USING_PWM5_CH3
 478:hardware/HAL_Drivers/drv_pwm.c ****     stm32_pwm_obj[PWM5_INDEX].channel |= 1 << 2;
 479:hardware/HAL_Drivers/drv_pwm.c **** #endif
 480:hardware/HAL_Drivers/drv_pwm.c **** #ifdef BSP_USING_PWM5_CH4
 481:hardware/HAL_Drivers/drv_pwm.c ****     stm32_pwm_obj[PWM5_INDEX].channel |= 1 << 3;
 482:hardware/HAL_Drivers/drv_pwm.c **** #endif
 483:hardware/HAL_Drivers/drv_pwm.c **** #ifdef BSP_USING_PWM6_CH1
 484:hardware/HAL_Drivers/drv_pwm.c ****     stm32_pwm_obj[PWM6_INDEX].channel |= 1 << 0;
 485:hardware/HAL_Drivers/drv_pwm.c **** #endif
 486:hardware/HAL_Drivers/drv_pwm.c **** #ifdef BSP_USING_PWM6_CH2
 487:hardware/HAL_Drivers/drv_pwm.c ****     stm32_pwm_obj[PWM6_INDEX].channel |= 1 << 1;
 488:hardware/HAL_Drivers/drv_pwm.c **** #endif
 489:hardware/HAL_Drivers/drv_pwm.c **** #ifdef BSP_USING_PWM6_CH3
 490:hardware/HAL_Drivers/drv_pwm.c ****     stm32_pwm_obj[PWM6_INDEX].channel |= 1 << 2;
 491:hardware/HAL_Drivers/drv_pwm.c **** #endif
 492:hardware/HAL_Drivers/drv_pwm.c **** #ifdef BSP_USING_PWM6_CH4
 493:hardware/HAL_Drivers/drv_pwm.c ****     stm32_pwm_obj[PWM6_INDEX].channel |= 1 << 3;
 494:hardware/HAL_Drivers/drv_pwm.c **** #endif
 495:hardware/HAL_Drivers/drv_pwm.c **** #ifdef BSP_USING_PWM7_CH1
 496:hardware/HAL_Drivers/drv_pwm.c ****     stm32_pwm_obj[PWM7_INDEX].channel |= 1 << 0;
 497:hardware/HAL_Drivers/drv_pwm.c **** #endif
 498:hardware/HAL_Drivers/drv_pwm.c **** #ifdef BSP_USING_PWM7_CH2
 499:hardware/HAL_Drivers/drv_pwm.c ****     stm32_pwm_obj[PWM7_INDEX].channel |= 1 << 1;
 500:hardware/HAL_Drivers/drv_pwm.c **** #endif
 501:hardware/HAL_Drivers/drv_pwm.c **** #ifdef BSP_USING_PWM7_CH3
 502:hardware/HAL_Drivers/drv_pwm.c ****     stm32_pwm_obj[PWM7_INDEX].channel |= 1 << 2;
ARM GAS  /tmp/cczxL1u9.s 			page 24


 503:hardware/HAL_Drivers/drv_pwm.c **** #endif
 504:hardware/HAL_Drivers/drv_pwm.c **** #ifdef BSP_USING_PWM7_CH4
 505:hardware/HAL_Drivers/drv_pwm.c ****     stm32_pwm_obj[PWM7_INDEX].channel |= 1 << 3;
 506:hardware/HAL_Drivers/drv_pwm.c **** #endif
 507:hardware/HAL_Drivers/drv_pwm.c **** #ifdef BSP_USING_PWM8_CH1
 508:hardware/HAL_Drivers/drv_pwm.c ****     stm32_pwm_obj[PWM8_INDEX].channel |= 1 << 0;
 509:hardware/HAL_Drivers/drv_pwm.c **** #endif
 510:hardware/HAL_Drivers/drv_pwm.c **** #ifdef BSP_USING_PWM8_CH2
 511:hardware/HAL_Drivers/drv_pwm.c ****     stm32_pwm_obj[PWM8_INDEX].channel |= 1 << 1;
 512:hardware/HAL_Drivers/drv_pwm.c **** #endif
 513:hardware/HAL_Drivers/drv_pwm.c **** #ifdef BSP_USING_PWM8_CH3
 514:hardware/HAL_Drivers/drv_pwm.c ****     stm32_pwm_obj[PWM8_INDEX].channel |= 1 << 2;
 515:hardware/HAL_Drivers/drv_pwm.c **** #endif
 516:hardware/HAL_Drivers/drv_pwm.c **** #ifdef BSP_USING_PWM8_CH4
 517:hardware/HAL_Drivers/drv_pwm.c ****     stm32_pwm_obj[PWM8_INDEX].channel |= 1 << 3;
 518:hardware/HAL_Drivers/drv_pwm.c **** #endif
 519:hardware/HAL_Drivers/drv_pwm.c **** #ifdef BSP_USING_PWM9_CH1
 520:hardware/HAL_Drivers/drv_pwm.c ****     stm32_pwm_obj[PWM9_INDEX].channel |= 1 << 0;
 521:hardware/HAL_Drivers/drv_pwm.c **** #endif
 522:hardware/HAL_Drivers/drv_pwm.c **** #ifdef BSP_USING_PWM9_CH2
 523:hardware/HAL_Drivers/drv_pwm.c ****     stm32_pwm_obj[PWM9_INDEX].channel |= 1 << 1;
 524:hardware/HAL_Drivers/drv_pwm.c **** #endif
 525:hardware/HAL_Drivers/drv_pwm.c **** #ifdef BSP_USING_PWM9_CH3
 526:hardware/HAL_Drivers/drv_pwm.c ****     stm32_pwm_obj[PWM9_INDEX].channel |= 1 << 2;
 527:hardware/HAL_Drivers/drv_pwm.c **** #endif
 528:hardware/HAL_Drivers/drv_pwm.c **** #ifdef BSP_USING_PWM9_CH4
 529:hardware/HAL_Drivers/drv_pwm.c ****     stm32_pwm_obj[PWM9_INDEX].channel |= 1 << 3;
 530:hardware/HAL_Drivers/drv_pwm.c **** #endif
 531:hardware/HAL_Drivers/drv_pwm.c **** #ifdef BSP_USING_PWM12_CH1
 532:hardware/HAL_Drivers/drv_pwm.c ****     stm32_pwm_obj[PWM12_INDEX].channel |= 1 << 0;
 533:hardware/HAL_Drivers/drv_pwm.c **** #endif
 534:hardware/HAL_Drivers/drv_pwm.c **** #ifdef BSP_USING_PWM12_CH2
 535:hardware/HAL_Drivers/drv_pwm.c ****     stm32_pwm_obj[PWM12_INDEX].channel |= 1 << 1;
 536:hardware/HAL_Drivers/drv_pwm.c **** #endif
 537:hardware/HAL_Drivers/drv_pwm.c **** }
 538:hardware/HAL_Drivers/drv_pwm.c **** 
 539:hardware/HAL_Drivers/drv_pwm.c **** static int stm32_pwm_init(void)
 540:hardware/HAL_Drivers/drv_pwm.c **** {
 721              		.loc 1 540 0
 722              		.cfi_startproc
 723              		@ args = 0, pretend = 0, frame = 0
 724              		@ frame_needed = 0, uses_anonymous_args = 0
 725 0000 38B5     		push	{r3, r4, r5, lr}
 726              	.LCFI8:
 727              		.cfi_def_cfa_offset 16
 728              		.cfi_offset 3, -16
 729              		.cfi_offset 4, -12
 730              		.cfi_offset 5, -8
 731              		.cfi_offset 14, -4
 732              	.LVL76:
 541:hardware/HAL_Drivers/drv_pwm.c ****     int i = 0;
 542:hardware/HAL_Drivers/drv_pwm.c ****     int result = RT_EOK;
 543:hardware/HAL_Drivers/drv_pwm.c **** 
 544:hardware/HAL_Drivers/drv_pwm.c ****     pwm_get_channel();
 733              		.loc 1 544 0
 734 0002 FFF7FEFF 		bl	pwm_get_channel
 735              	.LVL77:
ARM GAS  /tmp/cczxL1u9.s 			page 25


 542:hardware/HAL_Drivers/drv_pwm.c **** 
 736              		.loc 1 542 0
 737 0006 0025     		movs	r5, #0
 545:hardware/HAL_Drivers/drv_pwm.c **** 
 546:hardware/HAL_Drivers/drv_pwm.c ****     for (i = 0; i < sizeof(stm32_pwm_obj) / sizeof(stm32_pwm_obj[0]); i++)
 738              		.loc 1 546 0
 739 0008 2C46     		mov	r4, r5
 740              	.LVL78:
 741              	.L71:
 742              		.loc 1 546 0 is_stmt 0 discriminator 1
 743 000a 0CB1     		cbz	r4, .L74
 744              	.LVL79:
 745              	.L70:
 547:hardware/HAL_Drivers/drv_pwm.c ****     {
 548:hardware/HAL_Drivers/drv_pwm.c ****         /* pwm init */
 549:hardware/HAL_Drivers/drv_pwm.c ****         if (stm32_hw_pwm_init(&stm32_pwm_obj[i]) != RT_EOK)
 550:hardware/HAL_Drivers/drv_pwm.c ****         {
 551:hardware/HAL_Drivers/drv_pwm.c ****             LOG_E("%s init failed", stm32_pwm_obj[i].name);
 552:hardware/HAL_Drivers/drv_pwm.c ****             result = -RT_ERROR;
 553:hardware/HAL_Drivers/drv_pwm.c ****             goto __exit;
 554:hardware/HAL_Drivers/drv_pwm.c ****         }
 555:hardware/HAL_Drivers/drv_pwm.c ****         else
 556:hardware/HAL_Drivers/drv_pwm.c ****         {
 557:hardware/HAL_Drivers/drv_pwm.c ****             LOG_D("%s init success", stm32_pwm_obj[i].name);
 558:hardware/HAL_Drivers/drv_pwm.c **** 
 559:hardware/HAL_Drivers/drv_pwm.c ****             /* register pwm device */
 560:hardware/HAL_Drivers/drv_pwm.c ****             if (rt_device_pwm_register(&stm32_pwm_obj[i].pwm_device, stm32_pwm_obj[i].name, &drv_op
 561:hardware/HAL_Drivers/drv_pwm.c ****             {
 562:hardware/HAL_Drivers/drv_pwm.c **** 
 563:hardware/HAL_Drivers/drv_pwm.c ****                 LOG_D("%s register success", stm32_pwm_obj[i].name);
 564:hardware/HAL_Drivers/drv_pwm.c ****             }
 565:hardware/HAL_Drivers/drv_pwm.c ****             else
 566:hardware/HAL_Drivers/drv_pwm.c ****             {
 567:hardware/HAL_Drivers/drv_pwm.c ****                 LOG_E("%s register failed", stm32_pwm_obj[i].name);
 568:hardware/HAL_Drivers/drv_pwm.c ****                 result = -RT_ERROR;
 569:hardware/HAL_Drivers/drv_pwm.c ****             }
 570:hardware/HAL_Drivers/drv_pwm.c ****         }
 571:hardware/HAL_Drivers/drv_pwm.c ****     }
 572:hardware/HAL_Drivers/drv_pwm.c **** 
 573:hardware/HAL_Drivers/drv_pwm.c **** __exit:
 574:hardware/HAL_Drivers/drv_pwm.c ****     return result;
 575:hardware/HAL_Drivers/drv_pwm.c **** }
 746              		.loc 1 575 0 is_stmt 1
 747 000c 2846     		mov	r0, r5
 748 000e 38BD     		pop	{r3, r4, r5, pc}
 749              	.LVL80:
 750              	.L74:
 549:hardware/HAL_Drivers/drv_pwm.c ****         {
 751              		.loc 1 549 0
 752 0010 C4EB0412 		rsb	r2, r4, r4, lsl #4
 753 0014 D300     		lsls	r3, r2, #3
 754 0016 0C48     		ldr	r0, .L78
 755 0018 1844     		add	r0, r0, r3
 756 001a FFF7FEFF 		bl	stm32_hw_pwm_init
 757              	.LVL81:
 758 001e 80B9     		cbnz	r0, .L75
 560:hardware/HAL_Drivers/drv_pwm.c ****             {
ARM GAS  /tmp/cczxL1u9.s 			page 26


 759              		.loc 1 560 0
 760 0020 094B     		ldr	r3, .L78
 761 0022 2201     		lsls	r2, r4, #4
 762 0024 111B     		subs	r1, r2, r4
 763 0026 C800     		lsls	r0, r1, #3
 764 0028 0146     		mov	r1, r0
 765 002a 1844     		add	r0, r0, r3
 766 002c 3031     		adds	r1, r1, #48
 767 002e 0B44     		add	r3, r3, r1
 768 0030 064A     		ldr	r2, .L78+4
 769 0032 416F     		ldr	r1, [r0, #116]
 770 0034 FFF7FEFF 		bl	rt_device_pwm_register
 771              	.LVL82:
 772 0038 08B1     		cbz	r0, .L73
 568:hardware/HAL_Drivers/drv_pwm.c ****             }
 773              		.loc 1 568 0
 774 003a 4FF0FF35 		mov	r5, #-1
 775              	.LVL83:
 776              	.L73:
 546:hardware/HAL_Drivers/drv_pwm.c ****     {
 777              		.loc 1 546 0 discriminator 2
 778 003e 0134     		adds	r4, r4, #1
 779              	.LVL84:
 780 0040 E3E7     		b	.L71
 781              	.L75:
 552:hardware/HAL_Drivers/drv_pwm.c ****             goto __exit;
 782              		.loc 1 552 0
 783 0042 4FF0FF35 		mov	r5, #-1
 784              	.LVL85:
 785              	.L72:
 574:hardware/HAL_Drivers/drv_pwm.c **** }
 786              		.loc 1 574 0
 787 0046 E1E7     		b	.L70
 788              	.L79:
 789              		.align	2
 790              	.L78:
 791 0048 00000000 		.word	.LANCHOR0
 792 004c 00000000 		.word	.LANCHOR1
 793              		.cfi_endproc
 794              	.LFE144:
 796              		.global	__rt_init_stm32_pwm_init
 797              		.section	.data.drv_ops,"aw",%progbits
 798              		.align	2
 799              		.set	.LANCHOR1,. + 0
 802              	drv_ops:
 803 0000 00000000 		.word	drv_pwm_control
 804              		.section	.data.stm32_pwm_obj,"aw",%progbits
 805              		.align	2
 806              		.set	.LANCHOR0,. + 0
 809              	stm32_pwm_obj:
 810 0000 00000000 		.space	48
 810      00000000 
 810      00000000 
 810      00000000 
 810      00000000 
 811 0030 00040040 		.word	1073742848
 812 0034 00000000 		.space	60
ARM GAS  /tmp/cczxL1u9.s 			page 27


 812      00000000 
 812      00000000 
 812      00000000 
 812      00000000 
 813 0070 00       		.byte	0
 814 0071 000000   		.space	3
 815 0074 00000000 		.word	.LC0
 816              		.section	.rodata.str1.4,"aMS",%progbits,1
 817              		.align	2
 818              	.LC0:
 819 0000 70776D33 		.ascii	"pwm3\000"
 819      00
 820              		.section	.rti_fn.3,"a",%progbits
 821              		.align	2
 824              	__rt_init_stm32_pwm_init:
 825 0000 00000000 		.word	stm32_pwm_init
 826              		.text
 827              	.Letext0:
 828              		.file 2 "/opt/gcc-arm-none-eabi-6-2017-q2-update/arm-none-eabi/include/machine/_default_types.h"
 829              		.file 3 "/opt/gcc-arm-none-eabi-6-2017-q2-update/arm-none-eabi/include/sys/_stdint.h"
 830              		.file 4 "CORE/core_cm4.h"
 831              		.file 5 "USER/system_stm32f4xx.h"
 832              		.file 6 "USER/stm32f429xx.h"
 833              		.file 7 "HALLIB/Inc/stm32f4xx_hal_def.h"
 834              		.file 8 "HALLIB/Inc/stm32f4xx_hal_dma.h"
 835              		.file 9 "HALLIB/Inc/stm32f4xx_hal_tim.h"
 836              		.file 10 "HALLIB/Inc/stm32f4xx_hal.h"
 837              		.file 11 "rt-thread/include/rtdef.h"
 838              		.file 12 "/opt/gcc-arm-none-eabi-6-2017-q2-update/arm-none-eabi/include/sys/lock.h"
 839              		.file 13 "/opt/gcc-arm-none-eabi-6-2017-q2-update/arm-none-eabi/include/sys/_types.h"
 840              		.file 14 "/opt/gcc-arm-none-eabi-6-2017-q2-update/lib/gcc/arm-none-eabi/6.3.1/include/stddef.h"
 841              		.file 15 "/opt/gcc-arm-none-eabi-6-2017-q2-update/arm-none-eabi/include/sys/reent.h"
 842              		.file 16 "/opt/gcc-arm-none-eabi-6-2017-q2-update/arm-none-eabi/include/time.h"
 843              		.file 17 "/opt/gcc-arm-none-eabi-6-2017-q2-update/arm-none-eabi/include/sys/errno.h"
 844              		.file 18 "rt-thread/components/finsh/finsh_api.h"
 845              		.file 19 "rt-thread/components/drivers/include/drivers/rt_drv_pwm.h"
 846              		.file 20 "board/board.h"
 847              		.file 21 "HALLIB/Inc/stm32f4xx_hal_tim_ex.h"
 848              		.file 22 "HALLIB/Inc/stm32f4xx_hal_rcc.h"
ARM GAS  /tmp/cczxL1u9.s 			page 28


DEFINED SYMBOLS
                            *ABS*:0000000000000000 drv_pwm.c
     /tmp/cczxL1u9.s:18     .text.pwm_get_channel:0000000000000000 $t
     /tmp/cczxL1u9.s:24     .text.pwm_get_channel:0000000000000000 pwm_get_channel
     /tmp/cczxL1u9.s:42     .text.pwm_get_channel:0000000000000010 $d
     /tmp/cczxL1u9.s:47     .text.drv_pwm_enable:0000000000000000 $t
     /tmp/cczxL1u9.s:53     .text.drv_pwm_enable:0000000000000000 drv_pwm_enable
     /tmp/cczxL1u9.s:92     .text.drv_pwm_get:0000000000000000 $t
     /tmp/cczxL1u9.s:98     .text.drv_pwm_get:0000000000000000 drv_pwm_get
     /tmp/cczxL1u9.s:256    .text.drv_pwm_get:00000000000000f8 $d
     /tmp/cczxL1u9.s:262    .text.drv_pwm_set:0000000000000000 $t
     /tmp/cczxL1u9.s:268    .text.drv_pwm_set:0000000000000000 drv_pwm_set
     /tmp/cczxL1u9.s:448    .text.drv_pwm_set:0000000000000100 $d
     /tmp/cczxL1u9.s:455    .text.drv_pwm_control:0000000000000000 $t
     /tmp/cczxL1u9.s:461    .text.drv_pwm_control:0000000000000000 drv_pwm_control
     /tmp/cczxL1u9.s:486    .text.drv_pwm_control:0000000000000010 $d
     /tmp/cczxL1u9.s:490    .text.drv_pwm_control:0000000000000014 $t
     /tmp/cczxL1u9.s:532    .text.stm32_hw_pwm_init:0000000000000000 $t
     /tmp/cczxL1u9.s:538    .text.stm32_hw_pwm_init:0000000000000000 stm32_hw_pwm_init
     /tmp/cczxL1u9.s:713    .text.stm32_pwm_init:0000000000000000 $t
     /tmp/cczxL1u9.s:719    .text.stm32_pwm_init:0000000000000000 stm32_pwm_init
     /tmp/cczxL1u9.s:791    .text.stm32_pwm_init:0000000000000048 $d
     /tmp/cczxL1u9.s:824    .rti_fn.3:0000000000000000 __rt_init_stm32_pwm_init
     /tmp/cczxL1u9.s:798    .data.drv_ops:0000000000000000 $d
     /tmp/cczxL1u9.s:802    .data.drv_ops:0000000000000000 drv_ops
     /tmp/cczxL1u9.s:805    .data.stm32_pwm_obj:0000000000000000 $d
     /tmp/cczxL1u9.s:809    .data.stm32_pwm_obj:0000000000000000 stm32_pwm_obj
     /tmp/cczxL1u9.s:817    .rodata.str1.4:0000000000000000 $d
     /tmp/cczxL1u9.s:821    .rti_fn.3:0000000000000000 $d
                     .debug_frame:0000000000000010 $d

UNDEFINED SYMBOLS
HAL_TIM_PWM_Start
HAL_TIM_PWM_Stop
__aeabi_uldivmod
HAL_RCC_GetPCLK1Freq
HAL_RCC_GetPCLK2Freq
HAL_TIM_GenerateEvent
HAL_TIM_PWM_Init
HAL_TIMEx_MasterConfigSynchronization
HAL_TIM_PWM_ConfigChannel
HAL_TIM_MspPostInit
rt_device_pwm_register
