ARM GAS  /tmp/ccpQCYgV.s 			page 1


   1              		.cpu cortex-m4
   2              		.eabi_attribute 27, 1
   3              		.eabi_attribute 28, 1
   4              		.eabi_attribute 20, 1
   5              		.eabi_attribute 21, 1
   6              		.eabi_attribute 23, 3
   7              		.eabi_attribute 24, 1
   8              		.eabi_attribute 25, 1
   9              		.eabi_attribute 26, 1
  10              		.eabi_attribute 30, 1
  11              		.eabi_attribute 34, 1
  12              		.eabi_attribute 18, 4
  13              		.file	"key.c"
  14              		.text
  15              	.Ltext0:
  16              		.cfi_sections	.debug_frame
  17              		.section	.text.KEY_Init,"ax",%progbits
  18              		.align	1
  19              		.global	KEY_Init
  20              		.syntax unified
  21              		.thumb
  22              		.thumb_func
  23              		.fpu fpv4-sp-d16
  25              	KEY_Init:
  26              	.LFB119:
  27              		.file 1 "hardware/KEY/key.c"
   1:hardware/KEY/key.c **** #include "key.h"
   2:hardware/KEY/key.c **** #include "delay.h"
   3:hardware/KEY/key.c **** 
   4:hardware/KEY/key.c **** /***********按键初始化函数*************************/
   5:hardware/KEY/key.c **** void KEY_Init(void)
   6:hardware/KEY/key.c **** {
  28              		.loc 1 6 0
  29              		.cfi_startproc
  30              		@ args = 0, pretend = 0, frame = 32
  31              		@ frame_needed = 0, uses_anonymous_args = 0
  32 0000 70B5     		push	{r4, r5, r6, lr}
  33              	.LCFI0:
  34              		.cfi_def_cfa_offset 16
  35              		.cfi_offset 4, -16
  36              		.cfi_offset 5, -12
  37              		.cfi_offset 6, -8
  38              		.cfi_offset 14, -4
  39 0002 88B0     		sub	sp, sp, #32
  40              	.LCFI1:
  41              		.cfi_def_cfa_offset 48
  42              	.LBB2:
   7:hardware/KEY/key.c **** 	GPIO_InitTypeDef GPIO_Initure;
   8:hardware/KEY/key.c **** 	__HAL_RCC_GPIOA_CLK_ENABLE();		//使能GPIOA
  43              		.loc 1 8 0
  44 0004 0024     		movs	r4, #0
  45 0006 0094     		str	r4, [sp]
  46 0008 1D4B     		ldr	r3, .L3
  47 000a 1A6B     		ldr	r2, [r3, #48]
  48 000c 42F00102 		orr	r2, r2, #1
  49 0010 1A63     		str	r2, [r3, #48]
  50 0012 1A6B     		ldr	r2, [r3, #48]
ARM GAS  /tmp/ccpQCYgV.s 			page 2


  51 0014 02F00102 		and	r2, r2, #1
  52 0018 0092     		str	r2, [sp]
  53 001a 009A     		ldr	r2, [sp]
  54              	.LBE2:
  55              	.LBB3:
   9:hardware/KEY/key.c **** 	__HAL_RCC_GPIOC_CLK_ENABLE();		//使能GPIOC
  56              		.loc 1 9 0
  57 001c 0194     		str	r4, [sp, #4]
  58 001e 1A6B     		ldr	r2, [r3, #48]
  59 0020 42F00402 		orr	r2, r2, #4
  60 0024 1A63     		str	r2, [r3, #48]
  61 0026 1A6B     		ldr	r2, [r3, #48]
  62 0028 02F00402 		and	r2, r2, #4
  63 002c 0192     		str	r2, [sp, #4]
  64 002e 019A     		ldr	r2, [sp, #4]
  65              	.LBE3:
  66              	.LBB4:
  10:hardware/KEY/key.c **** 	__HAL_RCC_GPIOH_CLK_ENABLE();		//使能GPIOH
  67              		.loc 1 10 0
  68 0030 0294     		str	r4, [sp, #8]
  69 0032 1A6B     		ldr	r2, [r3, #48]
  70 0034 42F08002 		orr	r2, r2, #128
  71 0038 1A63     		str	r2, [r3, #48]
  72 003a 1B6B     		ldr	r3, [r3, #48]
  73 003c 03F08003 		and	r3, r3, #128
  74 0040 0293     		str	r3, [sp, #8]
  75 0042 029B     		ldr	r3, [sp, #8]
  76              	.LBE4:
  11:hardware/KEY/key.c **** 
  12:hardware/KEY/key.c **** 	GPIO_Initure.Pin=GPIO_PIN_0;			//PA0
  77              		.loc 1 12 0
  78 0044 0126     		movs	r6, #1
  79 0046 0396     		str	r6, [sp, #12]
  13:hardware/KEY/key.c **** 	GPIO_Initure.Mode=GPIO_MODE_INPUT;		//输入
  80              		.loc 1 13 0
  81 0048 0494     		str	r4, [sp, #16]
  14:hardware/KEY/key.c **** 	GPIO_Initure.Pull=GPIO_PULLDOWN;		//下拉
  82              		.loc 1 14 0
  83 004a 0223     		movs	r3, #2
  84 004c 0593     		str	r3, [sp, #20]
  15:hardware/KEY/key.c **** 	GPIO_Initure.Speed=GPIO_SPEED_HIGH;		//高速
  85              		.loc 1 15 0
  86 004e 0325     		movs	r5, #3
  87 0050 0695     		str	r5, [sp, #24]
  16:hardware/KEY/key.c **** 	HAL_GPIO_Init(GPIOA,&GPIO_Initure);	
  88              		.loc 1 16 0
  89 0052 03A9     		add	r1, sp, #12
  90 0054 0B48     		ldr	r0, .L3+4
  91 0056 FFF7FEFF 		bl	HAL_GPIO_Init
  92              	.LVL0:
  17:hardware/KEY/key.c **** 
  18:hardware/KEY/key.c **** 	GPIO_Initure.Pin=GPIO_PIN_13;			//PC13
  93              		.loc 1 18 0
  94 005a 4FF40053 		mov	r3, #8192
  95 005e 0393     		str	r3, [sp, #12]
  19:hardware/KEY/key.c **** 	GPIO_Initure.Mode=GPIO_MODE_INPUT;		//输入
  96              		.loc 1 19 0
ARM GAS  /tmp/ccpQCYgV.s 			page 3


  97 0060 0494     		str	r4, [sp, #16]
  20:hardware/KEY/key.c ****  	GPIO_Initure.Pull=GPIO_PULLUP;			//上拉
  98              		.loc 1 20 0
  99 0062 0596     		str	r6, [sp, #20]
  21:hardware/KEY/key.c ****  	GPIO_Initure.Speed=GPIO_SPEED_HIGH;		//高速
 100              		.loc 1 21 0
 101 0064 0695     		str	r5, [sp, #24]
  22:hardware/KEY/key.c ****  	HAL_GPIO_Init(GPIOC,&GPIO_Initure);
 102              		.loc 1 22 0
 103 0066 03A9     		add	r1, sp, #12
 104 0068 0748     		ldr	r0, .L3+8
 105 006a FFF7FEFF 		bl	HAL_GPIO_Init
 106              	.LVL1:
  23:hardware/KEY/key.c **** 
  24:hardware/KEY/key.c **** 	GPIO_Initure.Pin=GPIO_PIN_2|GPIO_PIN_3;//PH2,PH3
 107              		.loc 1 24 0
 108 006e 0C23     		movs	r3, #12
 109 0070 0393     		str	r3, [sp, #12]
  25:hardware/KEY/key.c **** 	HAL_GPIO_Init(GPIOH,&GPIO_Initure);
 110              		.loc 1 25 0
 111 0072 0DEB0301 		add	r1, sp, r3
 112 0076 0548     		ldr	r0, .L3+12
 113 0078 FFF7FEFF 		bl	HAL_GPIO_Init
 114              	.LVL2:
  26:hardware/KEY/key.c **** }
 115              		.loc 1 26 0
 116 007c 08B0     		add	sp, sp, #32
 117              	.LCFI2:
 118              		.cfi_def_cfa_offset 16
 119              		@ sp needed
 120 007e 70BD     		pop	{r4, r5, r6, pc}
 121              	.L4:
 122              		.align	2
 123              	.L3:
 124 0080 00380240 		.word	1073887232
 125 0084 00000240 		.word	1073872896
 126 0088 00080240 		.word	1073874944
 127 008c 001C0240 		.word	1073880064
 128              		.cfi_endproc
 129              	.LFE119:
 131              		.section	.text.KEY_Scan,"ax",%progbits
 132              		.align	1
 133              		.global	KEY_Scan
 134              		.syntax unified
 135              		.thumb
 136              		.thumb_func
 137              		.fpu fpv4-sp-d16
 139              	KEY_Scan:
 140              	.LFB120:
  27:hardware/KEY/key.c **** 
  28:hardware/KEY/key.c **** /****************************************************************
  29:hardware/KEY/key.c **** 按键处理函数
  30:hardware/KEY/key.c **** 返回按键值
  31:hardware/KEY/key.c **** mode:0,不支持连续按键；1，支持连续按键 
  32:hardware/KEY/key.c **** 注意此函数有响应优先级，KEY0>KEY1>KEY2>WK_UP
  33:hardware/KEY/key.c **** ****************************************************************/
  34:hardware/KEY/key.c **** u8 KEY_Scan(u8 mode)
ARM GAS  /tmp/ccpQCYgV.s 			page 4


  35:hardware/KEY/key.c **** {
 141              		.loc 1 35 0
 142              		.cfi_startproc
 143              		@ args = 0, pretend = 0, frame = 0
 144              		@ frame_needed = 0, uses_anonymous_args = 0
 145              	.LVL3:
 146 0000 08B5     		push	{r3, lr}
 147              	.LCFI3:
 148              		.cfi_def_cfa_offset 8
 149              		.cfi_offset 3, -8
 150              		.cfi_offset 14, -4
  36:hardware/KEY/key.c **** 	static u8 key_up=1;					//按键松开标志
  37:hardware/KEY/key.c **** 	if(mode==1)
 151              		.loc 1 37 0
 152 0002 0128     		cmp	r0, #1
 153 0004 15D0     		beq	.L19
 154              	.L6:
  38:hardware/KEY/key.c **** 	{
  39:hardware/KEY/key.c **** 		key_up=1;							//支持连按
  40:hardware/KEY/key.c **** 	}
  41:hardware/KEY/key.c **** 	if(key_up&&(KEY0==0||KEY1==0||KEY2==0||WK_UP==1))
 155              		.loc 1 41 0
 156 0006 264B     		ldr	r3, .L26
 157 0008 1B78     		ldrb	r3, [r3]	@ zero_extendqisi2
 158 000a 63B1     		cbz	r3, .L7
 159              		.loc 1 41 0 is_stmt 0 discriminator 1
 160 000c 254B     		ldr	r3, .L26+4
 161 000e 1B68     		ldr	r3, [r3]
 162 0010 9BB1     		cbz	r3, .L8
 163              		.loc 1 41 0 discriminator 2
 164 0012 254B     		ldr	r3, .L26+8
 165 0014 1B68     		ldr	r3, [r3]
 166 0016 83B1     		cbz	r3, .L8
 167              		.loc 1 41 0 discriminator 3
 168 0018 244B     		ldr	r3, .L26+12
 169 001a 1B68     		ldr	r3, [r3]
 170 001c 6BB1     		cbz	r3, .L8
 171              		.loc 1 41 0 discriminator 4
 172 001e 244B     		ldr	r3, .L26+16
 173 0020 1B68     		ldr	r3, [r3]
 174 0022 012B     		cmp	r3, #1
 175 0024 09D0     		beq	.L8
 176              	.L7:
  42:hardware/KEY/key.c **** 	{
  43:hardware/KEY/key.c **** 		delay_ms(10);
  44:hardware/KEY/key.c **** 		key_up=0;
  45:hardware/KEY/key.c **** 		if(KEY0==0)
  46:hardware/KEY/key.c **** 			return KEY0_PRES;
  47:hardware/KEY/key.c **** 		else if(KEY1==0)
  48:hardware/KEY/key.c **** 			return KEY1_PRES;
  49:hardware/KEY/key.c **** 		else if(KEY2==0)
  50:hardware/KEY/key.c **** 			return KEY2_PRES;
  51:hardware/KEY/key.c **** 		else if(WK_UP==1)
  52:hardware/KEY/key.c **** 			return WKUP_PRES;
  53:hardware/KEY/key.c **** 	}
  54:hardware/KEY/key.c **** 	else if(KEY0==1&&KEY1==1&&KEY2==1&&WK_UP==0)
 177              		.loc 1 54 0 is_stmt 1
ARM GAS  /tmp/ccpQCYgV.s 			page 5


 178 0026 1F4B     		ldr	r3, .L26+4
 179 0028 1B68     		ldr	r3, [r3]
 180 002a 012B     		cmp	r3, #1
 181 002c 20D0     		beq	.L20
  55:hardware/KEY/key.c **** 	{
  56:hardware/KEY/key.c **** 		key_up=1;
  57:hardware/KEY/key.c **** 	}
  58:hardware/KEY/key.c **** 	return 0;						//无按键按下
 182              		.loc 1 58 0
 183 002e 0020     		movs	r0, #0
 184              	.LVL4:
 185 0030 08BD     		pop	{r3, pc}
 186              	.LVL5:
 187              	.L19:
  39:hardware/KEY/key.c **** 	}
 188              		.loc 1 39 0
 189 0032 0122     		movs	r2, #1
 190 0034 1A4B     		ldr	r3, .L26
 191 0036 1A70     		strb	r2, [r3]
 192 0038 E5E7     		b	.L6
 193              	.L8:
  43:hardware/KEY/key.c **** 		key_up=0;
 194              		.loc 1 43 0
 195 003a 0A20     		movs	r0, #10
 196              	.LVL6:
 197 003c FFF7FEFF 		bl	delay_ms
 198              	.LVL7:
  44:hardware/KEY/key.c **** 		if(KEY0==0)
 199              		.loc 1 44 0
 200 0040 0022     		movs	r2, #0
 201 0042 174B     		ldr	r3, .L26
 202 0044 1A70     		strb	r2, [r3]
  45:hardware/KEY/key.c **** 			return KEY0_PRES;
 203              		.loc 1 45 0
 204 0046 174B     		ldr	r3, .L26+4
 205 0048 1B68     		ldr	r3, [r3]
 206 004a 2BB3     		cbz	r3, .L10
  47:hardware/KEY/key.c **** 			return KEY1_PRES;
 207              		.loc 1 47 0
 208 004c 164B     		ldr	r3, .L26+8
 209 004e 1B68     		ldr	r3, [r3]
 210 0050 0BB9     		cbnz	r3, .L21
  48:hardware/KEY/key.c **** 		else if(KEY2==0)
 211              		.loc 1 48 0
 212 0052 0220     		movs	r0, #2
 213 0054 08BD     		pop	{r3, pc}
 214              	.L21:
  49:hardware/KEY/key.c **** 			return KEY2_PRES;
 215              		.loc 1 49 0
 216 0056 154B     		ldr	r3, .L26+12
 217 0058 1B68     		ldr	r3, [r3]
 218 005a 0BB9     		cbnz	r3, .L22
  50:hardware/KEY/key.c **** 		else if(WK_UP==1)
 219              		.loc 1 50 0
 220 005c 0320     		movs	r0, #3
 221 005e 08BD     		pop	{r3, pc}
 222              	.L22:
ARM GAS  /tmp/ccpQCYgV.s 			page 6


  51:hardware/KEY/key.c **** 			return WKUP_PRES;
 223              		.loc 1 51 0
 224 0060 134B     		ldr	r3, .L26+16
 225 0062 1B68     		ldr	r3, [r3]
 226 0064 012B     		cmp	r3, #1
 227 0066 01D0     		beq	.L23
 228              		.loc 1 58 0
 229 0068 0020     		movs	r0, #0
 230 006a 08BD     		pop	{r3, pc}
 231              	.L23:
  52:hardware/KEY/key.c **** 	}
 232              		.loc 1 52 0
 233 006c 0420     		movs	r0, #4
 234 006e 08BD     		pop	{r3, pc}
 235              	.LVL8:
 236              	.L20:
  54:hardware/KEY/key.c **** 	{
 237              		.loc 1 54 0 discriminator 1
 238 0070 0D4B     		ldr	r3, .L26+8
 239 0072 1B68     		ldr	r3, [r3]
 240 0074 012B     		cmp	r3, #1
 241 0076 01D0     		beq	.L24
 242              		.loc 1 58 0
 243 0078 0020     		movs	r0, #0
 244              	.LVL9:
 245 007a 08BD     		pop	{r3, pc}
 246              	.LVL10:
 247              	.L24:
  54:hardware/KEY/key.c **** 	{
 248              		.loc 1 54 0 discriminator 2
 249 007c 0B4B     		ldr	r3, .L26+12
 250 007e 1B68     		ldr	r3, [r3]
 251 0080 012B     		cmp	r3, #1
 252 0082 01D0     		beq	.L25
 253              		.loc 1 58 0
 254 0084 0020     		movs	r0, #0
 255              	.LVL11:
 256 0086 08BD     		pop	{r3, pc}
 257              	.LVL12:
 258              	.L25:
  54:hardware/KEY/key.c **** 	{
 259              		.loc 1 54 0 discriminator 3
 260 0088 094B     		ldr	r3, .L26+16
 261 008a 1B68     		ldr	r3, [r3]
 262 008c 33B9     		cbnz	r3, .L17
  56:hardware/KEY/key.c **** 	}
 263              		.loc 1 56 0
 264 008e 0122     		movs	r2, #1
 265 0090 034B     		ldr	r3, .L26
 266 0092 1A70     		strb	r2, [r3]
 267              		.loc 1 58 0
 268 0094 0020     		movs	r0, #0
 269              	.LVL13:
 270 0096 08BD     		pop	{r3, pc}
 271              	.L10:
  46:hardware/KEY/key.c **** 		else if(KEY1==0)
 272              		.loc 1 46 0
ARM GAS  /tmp/ccpQCYgV.s 			page 7


 273 0098 0120     		movs	r0, #1
 274 009a 08BD     		pop	{r3, pc}
 275              	.LVL14:
 276              	.L17:
 277              		.loc 1 58 0
 278 009c 0020     		movs	r0, #0
 279              	.LVL15:
  59:hardware/KEY/key.c **** }
 280              		.loc 1 59 0
 281 009e 08BD     		pop	{r3, pc}
 282              	.L27:
 283              		.align	2
 284              	.L26:
 285 00a0 00000000 		.word	.LANCHOR0
 286 00a4 0C824342 		.word	1111720460
 287 00a8 08824342 		.word	1111720456
 288 00ac 34024142 		.word	1111556660
 289 00b0 00024042 		.word	1111491072
 290              		.cfi_endproc
 291              	.LFE120:
 293              		.section	.data.key_up.8321,"aw",%progbits
 294              		.set	.LANCHOR0,. + 0
 297              	key_up.8321:
 298 0000 01       		.byte	1
 299              		.text
 300              	.Letext0:
 301              		.file 2 "/opt/gcc-arm-none-eabi-6-2017-q2-update/arm-none-eabi/include/machine/_default_types.h"
 302              		.file 3 "/opt/gcc-arm-none-eabi-6-2017-q2-update/arm-none-eabi/include/sys/_stdint.h"
 303              		.file 4 "CORE/core_cm4.h"
 304              		.file 5 "USER/system_stm32f4xx.h"
 305              		.file 6 "USER/stm32f429xx.h"
 306              		.file 7 "HALLIB/Inc/stm32f4xx_hal_gpio.h"
 307              		.file 8 "HALLIB/Inc/stm32f4xx_hal.h"
 308              		.file 9 "SYSTEM/delay/delay.h"
 309              		.file 10 "SYSTEM/sys/sys.h"
ARM GAS  /tmp/ccpQCYgV.s 			page 8


DEFINED SYMBOLS
                            *ABS*:0000000000000000 key.c
     /tmp/ccpQCYgV.s:18     .text.KEY_Init:0000000000000000 $t
     /tmp/ccpQCYgV.s:25     .text.KEY_Init:0000000000000000 KEY_Init
     /tmp/ccpQCYgV.s:124    .text.KEY_Init:0000000000000080 $d
     /tmp/ccpQCYgV.s:132    .text.KEY_Scan:0000000000000000 $t
     /tmp/ccpQCYgV.s:139    .text.KEY_Scan:0000000000000000 KEY_Scan
     /tmp/ccpQCYgV.s:285    .text.KEY_Scan:00000000000000a0 $d
     /tmp/ccpQCYgV.s:297    .data.key_up.8321:0000000000000000 key_up.8321
                     .debug_frame:0000000000000010 $d

UNDEFINED SYMBOLS
HAL_GPIO_Init
delay_ms
