ARM GAS  /tmp/ccUS2AFO.s 			page 1


   1              		.cpu cortex-m4
   2              		.eabi_attribute 27, 1
   3              		.eabi_attribute 28, 1
   4              		.eabi_attribute 20, 1
   5              		.eabi_attribute 21, 1
   6              		.eabi_attribute 23, 3
   7              		.eabi_attribute 24, 1
   8              		.eabi_attribute 25, 1
   9              		.eabi_attribute 26, 1
  10              		.eabi_attribute 30, 1
  11              		.eabi_attribute 34, 1
  12              		.eabi_attribute 18, 4
  13              		.file	"led.c"
  14              		.text
  15              	.Ltext0:
  16              		.cfi_sections	.debug_frame
  17              		.section	.text.LED_Init,"ax",%progbits
  18              		.align	1
  19              		.global	LED_Init
  20              		.syntax unified
  21              		.thumb
  22              		.thumb_func
  23              		.fpu fpv4-sp-d16
  25              	LED_Init:
  26              	.LFB119:
  27              		.file 1 "hardware/LED/led.c"
   1:hardware/LED/led.c **** #include "led.h"
   2:hardware/LED/led.c **** #include "stm32f4xx_hal_gpio.h"
   3:hardware/LED/led.c **** /********************************************************************************
   4:hardware/LED/led.c **** 初始化LED IO 口，并使能PB时钟，默认LED0、LED1为高，即LED0、LED1灭
   5:hardware/LED/led.c **** ********************************************************************************/
   6:hardware/LED/led.c **** void LED_Init(void)
   7:hardware/LED/led.c **** {
  28              		.loc 1 7 0
  29              		.cfi_startproc
  30              		@ args = 0, pretend = 0, frame = 24
  31              		@ frame_needed = 0, uses_anonymous_args = 0
  32 0000 30B5     		push	{r4, r5, lr}
  33              	.LCFI0:
  34              		.cfi_def_cfa_offset 12
  35              		.cfi_offset 4, -12
  36              		.cfi_offset 5, -8
  37              		.cfi_offset 14, -4
  38 0002 87B0     		sub	sp, sp, #28
  39              	.LCFI1:
  40              		.cfi_def_cfa_offset 40
  41              	.LBB2:
   8:hardware/LED/led.c **** 	GPIO_InitTypeDef GPIO_Initure;
   9:hardware/LED/led.c **** 	__HAL_RCC_GPIOB_CLK_ENABLE();				//使能GPIOB
  42              		.loc 1 9 0
  43 0004 0023     		movs	r3, #0
  44 0006 0093     		str	r3, [sp]
  45 0008 104B     		ldr	r3, .L3
  46 000a 1A6B     		ldr	r2, [r3, #48]
  47 000c 42F00202 		orr	r2, r2, #2
  48 0010 1A63     		str	r2, [r3, #48]
  49 0012 1B6B     		ldr	r3, [r3, #48]
ARM GAS  /tmp/ccUS2AFO.s 			page 2


  50 0014 03F00203 		and	r3, r3, #2
  51 0018 0093     		str	r3, [sp]
  52 001a 009B     		ldr	r3, [sp]
  53              	.LBE2:
  10:hardware/LED/led.c **** 
  11:hardware/LED/led.c **** 	GPIO_Initure.Pin=GPIO_PIN_0|GPIO_PIN_1;		//PB0,PB1
  54              		.loc 1 11 0
  55 001c 0323     		movs	r3, #3
  56 001e 0193     		str	r3, [sp, #4]
  12:hardware/LED/led.c **** 	GPIO_Initure.Mode=GPIO_MODE_OUTPUT_PP;		//推挽输出
  57              		.loc 1 12 0
  58 0020 0124     		movs	r4, #1
  59 0022 0294     		str	r4, [sp, #8]
  13:hardware/LED/led.c **** 	GPIO_Initure.Pull=GPIO_PULLUP;				//上拉
  60              		.loc 1 13 0
  61 0024 0394     		str	r4, [sp, #12]
  14:hardware/LED/led.c **** 	GPIO_Initure.Speed=GPIO_SPEED_HIGH;			//高速
  62              		.loc 1 14 0
  63 0026 0493     		str	r3, [sp, #16]
  15:hardware/LED/led.c **** 	HAL_GPIO_Init(GPIOB,&GPIO_Initure);
  64              		.loc 1 15 0
  65 0028 094D     		ldr	r5, .L3+4
  66 002a 01A9     		add	r1, sp, #4
  67 002c 2846     		mov	r0, r5
  68 002e FFF7FEFF 		bl	HAL_GPIO_Init
  69              	.LVL0:
  16:hardware/LED/led.c **** 
  17:hardware/LED/led.c **** 	HAL_GPIO_WritePin(GPIOB,GPIO_PIN_0,GPIO_PIN_SET);		//PB0置1，默认灯灭
  70              		.loc 1 17 0
  71 0032 2246     		mov	r2, r4
  72 0034 2146     		mov	r1, r4
  73 0036 2846     		mov	r0, r5
  74 0038 FFF7FEFF 		bl	HAL_GPIO_WritePin
  75              	.LVL1:
  18:hardware/LED/led.c **** 	HAL_GPIO_WritePin(GPIOB,GPIO_PIN_1,GPIO_PIN_SET);		//PB1置1，默认灯灭
  76              		.loc 1 18 0
  77 003c 2246     		mov	r2, r4
  78 003e 0221     		movs	r1, #2
  79 0040 2846     		mov	r0, r5
  80 0042 FFF7FEFF 		bl	HAL_GPIO_WritePin
  81              	.LVL2:
  19:hardware/LED/led.c **** }
  82              		.loc 1 19 0
  83 0046 07B0     		add	sp, sp, #28
  84              	.LCFI2:
  85              		.cfi_def_cfa_offset 12
  86              		@ sp needed
  87 0048 30BD     		pop	{r4, r5, pc}
  88              	.L4:
  89 004a 00BF     		.align	2
  90              	.L3:
  91 004c 00380240 		.word	1073887232
  92 0050 00040240 		.word	1073873920
  93              		.cfi_endproc
  94              	.LFE119:
  96              		.text
  97              	.Letext0:
ARM GAS  /tmp/ccUS2AFO.s 			page 3


  98              		.file 2 "/opt/gcc-arm-none-eabi-6-2017-q2-update/arm-none-eabi/include/machine/_default_types.h"
  99              		.file 3 "/opt/gcc-arm-none-eabi-6-2017-q2-update/arm-none-eabi/include/sys/_stdint.h"
 100              		.file 4 "CORE/core_cm4.h"
 101              		.file 5 "USER/system_stm32f4xx.h"
 102              		.file 6 "USER/stm32f429xx.h"
 103              		.file 7 "HALLIB/Inc/stm32f4xx_hal_gpio.h"
 104              		.file 8 "HALLIB/Inc/stm32f4xx_hal.h"
ARM GAS  /tmp/ccUS2AFO.s 			page 4


DEFINED SYMBOLS
                            *ABS*:0000000000000000 led.c
     /tmp/ccUS2AFO.s:18     .text.LED_Init:0000000000000000 $t
     /tmp/ccUS2AFO.s:25     .text.LED_Init:0000000000000000 LED_Init
     /tmp/ccUS2AFO.s:91     .text.LED_Init:000000000000004c $d
                     .debug_frame:0000000000000010 $d

UNDEFINED SYMBOLS
HAL_GPIO_Init
HAL_GPIO_WritePin
